#
# A fatal error has been detected by the Java Runtime Environment:
#
#  SIGSEGV (0xb) at pc=0x0000000107d6ad02, pid=913, tid=0x0000000000000307
#
# JRE version: Java(TM) SE Runtime Environment (8.0_152-b16) (build 1.8.0_152-b16)
# Java VM: Java HotSpot(TM) 64-Bit Server VM (25.152-b16 mixed mode bsd-amd64 compressed oops)
# Problematic frame:
# V  [libjvm.dylib+0x16ad02]  ThreadStateTransition::trans_from_native(JavaThreadState)+0xa
#
# Failed to write core dump. Core dumps have been disabled. To enable core dumping, try "ulimit -c unlimited" before starting Java again
#
# If you would like to submit a bug report, please visit:
#   http://bugreport.java.com/bugreport/crash.jsp
#

---------------  T H R E A D  ---------------

Current thread is native thread

siginfo: si_signo: 11 (SIGSEGV), si_code: 1 (SEGV_MAPERR), si_addr: 0x0000000000000270

Registers:
RAX=0x0000000000000000, RBX=0x0000000000000000, RCX=0x00000001084344a0, RDX=0x0000000000000000
RSP=0x00007ffee89359e0, RBP=0x00007ffee89359f0, RSI=0x0000000000000006, RDI=0x00007ffee8935a00
R8 =0x0000000000000000, R9 =0x0000000000000000, R10=0x00007fff8ba79ed8, R11=0x00007fcd97647470
R12=0x00007fcd979071f8, R13=0x00007fcd99b00040, R14=0x00007fcd97441020, R15=0x00007fcd979071f8
RIP=0x0000000107d6ad02, EFLAGS=0x0000000000010246, ERR=0x0000000000000006
  TRAPNO=0x000000000000000e

Top of Stack: (sp=0x00007ffee89359e0)
0x00007ffee89359e0:   0000000000000000 00007fcd97441020
0x00007ffee89359f0:   00007ffee8935a20 0000000107f15fd2
0x00007ffee8935a00:   0000000000000000 00007fcd974ce490
0x00007ffee8935a10:   0000000000000008 00007fcd974d2320
0x00007ffee8935a20:   00007ffee8935a40 00007fff34892e4e
0x00007ffee8935a30:   00007fcd979071f8 00007fcd98314c00
0x00007ffee8935a40:   00007ffee8935a60 00007fff34892c5b
0x00007ffee8935a50:   00007fcd974ce400 00007fcd975b3180
0x00007ffee8935a60:   00007ffee8935ac0 0000000114406e73
0x00007ffee8935a70:   00007fff2efe770a 0000000000000000
0x00007ffee8935a80:   40a3f9b73cb09ba5 00007fcd98314c00
0x00007ffee8935a90:   00007ffee8935ac0 00007fff5771ce80
0x00007ffee8935aa0:   00007fcd974d2320 00007fcd99b00040
0x00007ffee8935ab0:   00007fcd974d4110 00007fcd98314c00
0x00007ffee8935ac0:   00007ffee8935b70 00007fff3be72622
0x00007ffee8935ad0:   00007fcd974d2320 0000000000000000
0x00007ffee8935ae0:   0000000000000000 00007fcd974d2320
0x00007ffee8935af0:   0000000000000000 0000000000000000
0x00007ffee8935b00:   00007ffee8935b50 0000000000000004
0x00007ffee8935b10:   0000000000000000 40a3f9b73cb09ba5
0x00007ffee8935b20:   0000000000000004 0000000000000000
0x00007ffee8935b30:   0000000000000000 00007ffee8935b50
0x00007ffee8935b40:   00007fcd974d2320 00007fff5771ce80
0x00007ffee8935b50:   0000000000000004 0000000000000000
0x00007ffee8935b60:   00007fcd974d2320 00007fff2efe770a
0x00007ffee8935b70:   00007ffee8935be0 00007fff3be71c83
0x00007ffee8935b80:   0000000000000000 0000000000000000
0x00007ffee8935b90:   4078000000000000 407b000000000000
0x00007ffee8935ba0:   407b000000000000 4078000000000000
0x00007ffee8935bb0:   4000000000000000 00007ffee8935cb0
0x00007ffee8935bc0:   00007fff5771ce80 0000000000000000
0x00007ffee8935bd0:   00007fff2efe9705 00007fcd99e00e70 

Instructions: (pc=0x0000000107d6ad02)
0x0000000107d6ace2:   0e 48 8b 0b 49 8b 56 18 48 63 c0 48 89 0c c2 5b
0x0000000107d6acf2:   41 5e 5d c3 90 90 55 48 89 e5 41 56 53 48 8b 1f
0x0000000107d6ad02:   c7 83 70 02 00 00 05 00 00 00 48 8d 05 35 af 78
0x0000000107d6ad12:   00 8b 00 83 f8 01 41 89 f6 75 0c 48 8d 0d 82 1a 

Register to memory mapping:

RAX=0x0000000000000000 is an unknown value
RBX=0x0000000000000000 is an unknown value
RCX=0x00000001084344a0: jni_NativeInterface+0 in /Library/Java/JavaVirtualMachines/jdk1.8.0_152.jdk/Contents/Home/jre/lib/server/libjvm.dylib at 0x0000000107c00000
RDX=0x0000000000000000 is an unknown value
RSP=0x00007ffee89359e0 is an unknown value
RBP=0x00007ffee89359f0 is an unknown value
RSI=0x0000000000000006 is an unknown value
RDI=0x00007ffee8935a00 is an unknown value
R8 =0x0000000000000000 is an unknown value
R9 =0x0000000000000000 is an unknown value
R10=0x00007fff8ba79ed8: OBJC_CLASS_$_JNFWeakJObjectWrapper+0 in /System/Library/Frameworks/JavaVM.framework/Versions/A/Frameworks/JavaNativeFoundation.framework/Versions/A/JavaNativeFoundation at 0x00007fff3488c000
R11=0x00007fcd97647470 is an unknown value
R12=0x00007fcd979071f8 is an unknown value
R13=0x00007fcd99b00040 is an unknown value
R14=0x00007fcd97441020 is a weak global jni handle
R15=0x00007fcd979071f8 is an unknown value


Stack: [0x00007ffee813a000,0x00007ffee893a000],  sp=0x00007ffee89359e0,  free space=8174k
Native frames: (J=compiled Java code, j=interpreted, Vv=VM code, C=native code)
V  [libjvm.dylib+0x16ad02]  ThreadStateTransition::trans_from_native(JavaThreadState)+0xa
V  [libjvm.dylib+0x315fd2]  jni_IsSameObject+0x30
C  [JavaNativeFoundation+0x6e4e]  -[JNFWeakJObjectWrapper _getWithEnv:]+0x26
C  [JavaNativeFoundation+0x6c5b]  -[JNFJObjectWrapper jObjectWithEnv:]+0x16
C  [libawt_lwawt.dylib+0x1ae73]  -[CGLLayer drawInCGLContext:pixelFormat:forLayerTime:displayTime:]+0xa4
C  [QuartzCore+0x71622]  CAOpenGLLayerDraw(CAOpenGLLayer*, double, CVTimeStamp const*, unsigned int)+0x7a7
C  [QuartzCore+0x70c83]  -[CAOpenGLLayer _display]+0x235
C  [QuartzCore+0x11a61]  CA::Layer::display_if_needed(CA::Transaction*)+0x279
C  [QuartzCore+0x1150f]  CA::Layer::layout_and_display_if_needed(CA::Transaction*)+0x23
C  [QuartzCore+0x10641]  CA::Context::commit_transaction(CA::Transaction*)+0x13f
C  [QuartzCore+0x101f5]  CA::Transaction::commit()+0x1e7
C  [QuartzCore+0x1bb3a]  CA::Transaction::observer_callback(__CFRunLoopObserver*, unsigned long, void*)+0x42
C  [CoreFoundation+0xa3227]  __CFRUNLOOP_IS_CALLING_OUT_TO_AN_OBSERVER_CALLBACK_FUNCTION__+0x17
C  [CoreFoundation+0xa314f]  __CFRunLoopDoObservers+0x20f
C  [CoreFoundation+0x85870]  __CFRunLoopRun+0x640
C  [CoreFoundation+0x84fa3]  CFRunLoopRunSpecific+0x1e3
C  [java+0x647a]  CreateExecutionEnvironment+0x367
C  [java+0x212c]  JLI_Launch+0x7a0
C  [java+0x84d7]  main+0x65
C  [java+0x1984]  start+0x34


---------------  P R O C E S S  ---------------

VM state:not at safepoint (normal execution)

VM Mutex/Monitor currently owned by a thread: None

Heap:
 PSYoungGen      total 65536K, used 64428K [0x0000000795580000, 0x000000079a080000, 0x00000007c0000000)
  eden space 60416K, 98% used [0x0000000795580000,0x0000000798f71f00,0x0000000799080000)
  from space 5120K, 99% used [0x0000000799b80000,0x000000079a079458,0x000000079a080000)
  to   space 5120K, 0% used [0x0000000799680000,0x0000000799680000,0x0000000799b80000)
 ParOldGen       total 59392K, used 53808K [0x0000000740000000, 0x0000000743a00000, 0x0000000795580000)
  object space 59392K, 90% used [0x0000000740000000,0x000000074348c338,0x0000000743a00000)
 Metaspace       used 23698K, capacity 24574K, committed 24752K, reserved 1071104K
  class space    used 3197K, capacity 3445K, committed 3504K, reserved 1048576K

Card table byte_map: [0x0000000108f6c000,0x000000010936d000] byte_map_base: 0x000000010556c000

Marking Bits: (ParMarkBitMap*) 0x00000001084f66c0
 Begin Bits: [0x0000000109618000, 0x000000010b618000)
 End Bits:   [0x000000010b618000, 0x000000010d618000)

Polling page: 0x0000000107343000

CodeCache: size=245760Kb used=9622Kb max_used=9680Kb free=236137Kb
 bounds [0x0000000116665000, 0x0000000116ff5000, 0x0000000125665000]
 total_blobs=3805 nmethods=2958 adapters=760
 compilation: enabled

Compilation events (10 events):
Event: 60.437 Thread 0x00007fcd9784a800 3147       1       java.io.FilePermission::access$000 (5 bytes)
Event: 60.437 Thread 0x00007fcd9784a800 nmethod 3147 0x0000000116c38550 code [0x0000000116c386a0, 0x0000000116c38790]
Event: 60.438 Thread 0x00007fcd9784a800 3148       3       java.lang.String::checkBounds (46 bytes)
Event: 60.438 Thread 0x00007fcd9784a800 nmethod 3148 0x0000000116fcf290 code [0x0000000116fcf440, 0x0000000116fcf888]
Event: 60.438 Thread 0x00007fcd9784a800 3149       1       java.net.JarURLConnection::getJarFileURL (5 bytes)
Event: 60.438 Thread 0x00007fcd9784a800 nmethod 3149 0x0000000116bfde50 code [0x0000000116bfdfa0, 0x0000000116bfe0b0]
Event: 60.438 Thread 0x00007fcd9784a800 3150       1       javax.sound.sampled.Line$Info::getLineClass (5 bytes)
Event: 60.438 Thread 0x00007fcd9784a800 nmethod 3150 0x0000000116fd0b90 code [0x0000000116fd0ce0, 0x0000000116fd0df0]
Event: 60.441 Thread 0x00007fcd9784a800 3151       3       sun.java2d.pipe.DrawImage::copyImage (60 bytes)
Event: 60.441 Thread 0x00007fcd9784a800 nmethod 3151 0x0000000116aeda90 code [0x0000000116aedc60, 0x0000000116aee548]

GC Heap History (10 events):
Event: 2.706 GC heap before
{Heap before GC invocations=1 (full 0):
 PSYoungGen      total 38400K, used 29295K [0x0000000795580000, 0x0000000798000000, 0x00000007c0000000)
  eden space 33280K, 88% used [0x0000000795580000,0x000000079721bd80,0x0000000797600000)
  from space 5120K, 0% used [0x0000000797b00000,0x0000000797b00000,0x0000000798000000)
  to   space 5120K, 0% used [0x0000000797600000,0x0000000797600000,0x0000000797b00000)
 ParOldGen       total 87552K, used 0K [0x0000000740000000, 0x0000000745580000, 0x0000000795580000)
  object space 87552K, 0% used [0x0000000740000000,0x0000000740000000,0x0000000745580000)
 Metaspace       used 12682K, capacity 13144K, committed 13312K, reserved 1060864K
  class space    used 1538K, capacity 1682K, committed 1792K, reserved 1048576K
Event: 2.711 GC heap after
Heap after GC invocations=1 (full 0):
 PSYoungGen      total 38400K, used 5096K [0x0000000795580000, 0x0000000798000000, 0x00000007c0000000)
  eden space 33280K, 0% used [0x0000000795580000,0x0000000795580000,0x0000000797600000)
  from space 5120K, 99% used [0x0000000797600000,0x0000000797afa028,0x0000000797b00000)
  to   space 5120K, 0% used [0x0000000797b00000,0x0000000797b00000,0x0000000798000000)
 ParOldGen       total 87552K, used 1602K [0x0000000740000000, 0x0000000745580000, 0x0000000795580000)
  object space 87552K, 1% used [0x0000000740000000,0x0000000740190a88,0x0000000745580000)
 Metaspace       used 12682K, capacity 13144K, committed 13312K, reserved 1060864K
  class space    used 1538K, capacity 1682K, committed 1792K, reserved 1048576K
}
Event: 4.972 GC heap before
{Heap before GC invocations=2 (full 0):
 PSYoungGen      total 38400K, used 38376K [0x0000000795580000, 0x0000000798000000, 0x00000007c0000000)
  eden space 33280K, 100% used [0x0000000795580000,0x0000000797600000,0x0000000797600000)
  from space 5120K, 99% used [0x0000000797600000,0x0000000797afa028,0x0000000797b00000)
  to   space 5120K, 0% used [0x0000000797b00000,0x0000000797b00000,0x0000000798000000)
 ParOldGen       total 87552K, used 1602K [0x0000000740000000, 0x0000000745580000, 0x0000000795580000)
  object space 87552K, 1% used [0x0000000740000000,0x0000000740190a88,0x0000000745580000)
 Metaspace       used 19794K, capacity 20440K, committed 20608K, reserved 1067008K
  class space    used 2695K, capacity 2858K, committed 2944K, reserved 1048576K
Event: 4.979 GC heap after
Heap after GC invocations=2 (full 0):
 PSYoungGen      total 38400K, used 4535K [0x0000000795580000, 0x0000000798000000, 0x00000007c0000000)
  eden space 33280K, 0% used [0x0000000795580000,0x0000000795580000,0x0000000797600000)
  from space 5120K, 88% used [0x0000000797b00000,0x0000000797f6dcb0,0x0000000798000000)
  to   space 5120K, 0% used [0x0000000797600000,0x0000000797600000,0x0000000797b00000)
 ParOldGen       total 87552K, used 8041K [0x0000000740000000, 0x0000000745580000, 0x0000000795580000)
  object space 87552K, 9% used [0x0000000740000000,0x00000007407da5f0,0x0000000745580000)
 Metaspace       used 19794K, capacity 20440K, committed 20608K, reserved 1067008K
  class space    used 2695K, capacity 2858K, committed 2944K, reserved 1048576K
}
Event: 5.018 GC heap before
{Heap before GC invocations=3 (full 0):
 PSYoungGen      total 38400K, used 6785K [0x0000000795580000, 0x0000000798000000, 0x00000007c0000000)
  eden space 33280K, 6% used [0x0000000795580000,0x00000007957b2898,0x0000000797600000)
  from space 5120K, 88% used [0x0000000797b00000,0x0000000797f6dcb0,0x0000000798000000)
  to   space 5120K, 0% used [0x0000000797600000,0x0000000797600000,0x0000000797b00000)
 ParOldGen       total 87552K, used 8041K [0x0000000740000000, 0x0000000745580000, 0x0000000795580000)
  object space 87552K, 9% used [0x0000000740000000,0x00000007407da5f0,0x0000000745580000)
 Metaspace       used 20574K, capacity 21238K, committed 21296K, reserved 1067008K
  class space    used 2906K, capacity 3091K, committed 3120K, reserved 1048576K
Event: 5.022 GC heap after
Heap after GC invocations=3 (full 0):
 PSYoungGen      total 38400K, used 4551K [0x0000000795580000, 0x000000079a080000, 0x00000007c0000000)
  eden space 33280K, 0% used [0x0000000795580000,0x0000000795580000,0x0000000797600000)
  from space 5120K, 88% used [0x0000000797600000,0x0000000797a71cc0,0x0000000797b00000)
  to   space 5120K, 0% used [0x0000000799b80000,0x0000000799b80000,0x000000079a080000)
 ParOldGen       total 87552K, used 8049K [0x0000000740000000, 0x0000000745580000, 0x0000000795580000)
  object space 87552K, 9% used [0x0000000740000000,0x00000007407dc5f0,0x0000000745580000)
 Metaspace       used 20574K, capacity 21238K, committed 21296K, reserved 1067008K
  class space    used 2906K, capacity 3091K, committed 3120K, reserved 1048576K
}
Event: 5.022 GC heap before
{Heap before GC invocations=4 (full 1):
 PSYoungGen      total 38400K, used 4551K [0x0000000795580000, 0x000000079a080000, 0x00000007c0000000)
  eden space 33280K, 0% used [0x0000000795580000,0x0000000795580000,0x0000000797600000)
  from space 5120K, 88% used [0x0000000797600000,0x0000000797a71cc0,0x0000000797b00000)
  to   space 5120K, 0% used [0x0000000799b80000,0x0000000799b80000,0x000000079a080000)
 ParOldGen       total 87552K, used 8049K [0x0000000740000000, 0x0000000745580000, 0x0000000795580000)
  object space 87552K, 9% used [0x0000000740000000,0x00000007407dc5f0,0x0000000745580000)
 Metaspace       used 20574K, capacity 21238K, committed 21296K, reserved 1067008K
  class space    used 2906K, capacity 3091K, committed 3120K, reserved 1048576K
Event: 5.052 GC heap after
Heap after GC invocations=4 (full 1):
 PSYoungGen      total 38400K, used 0K [0x0000000795580000, 0x000000079a080000, 0x00000007c0000000)
  eden space 33280K, 0% used [0x0000000795580000,0x0000000795580000,0x0000000797600000)
  from space 5120K, 0% used [0x0000000797600000,0x0000000797600000,0x0000000797b00000)
  to   space 5120K, 0% used [0x0000000799b80000,0x0000000799b80000,0x000000079a080000)
 ParOldGen       total 59392K, used 12342K [0x0000000740000000, 0x0000000743a00000, 0x0000000795580000)
  object space 59392K, 20% used [0x0000000740000000,0x0000000740c0da40,0x0000000743a00000)
 Metaspace       used 20574K, capacity 21238K, committed 21296K, reserved 1067008K
  class space    used 2906K, capacity 3091K, committed 3120K, reserved 1048576K
}
Event: 32.241 GC heap before
{Heap before GC invocations=5 (full 1):
 PSYoungGen      total 38400K, used 33280K [0x0000000795580000, 0x000000079a080000, 0x00000007c0000000)
  eden space 33280K, 100% used [0x0000000795580000,0x0000000797600000,0x0000000797600000)
  from space 5120K, 0% used [0x0000000797600000,0x0000000797600000,0x0000000797b00000)
  to   space 5120K, 0% used [0x0000000799b80000,0x0000000799b80000,0x000000079a080000)
 ParOldGen       total 59392K, used 12342K [0x0000000740000000, 0x0000000743a00000, 0x0000000795580000)
  object space 59392K, 20% used [0x0000000740000000,0x0000000740c0da58,0x0000000743a00000)
 Metaspace       used 22561K, capacity 23430K, committed 23600K, reserved 1069056K
  class space    used 3107K, capacity 3329K, committed 3376K, reserved 1048576K
Event: 32.265 GC heap after
Heap after GC invocations=5 (full 1):
 PSYoungGen      total 65536K, used 5093K [0x0000000795580000, 0x000000079a080000, 0x00000007c0000000)
  eden space 60416K, 0% used [0x0000000795580000,0x0000000795580000,0x0000000799080000)
  from space 5120K, 99% used [0x0000000799b80000,0x000000079a079458,0x000000079a080000)
  to   space 5120K, 0% used [0x0000000799680000,0x0000000799680000,0x0000000799b80000)
 ParOldGen       total 59392K, used 29808K [0x0000000740000000, 0x0000000743a00000, 0x0000000795580000)
  object space 59392K, 50% used [0x0000000740000000,0x0000000741d1c2a8,0x0000000743a00000)
 Metaspace       used 22561K, capacity 23430K, committed 23600K, reserved 1069056K
  class space    used 3107K, capacity 3329K, committed 3376K, reserved 1048576K
}

Deoptimization events (10 events):
Event: 45.369 Thread 0x00007fcd97907000 Uncommon trap: reason=unstable_if action=reinterpret pc=0x0000000116caa9b0 method=javafx.scene.Node.impl_pickNode(Lcom/sun/javafx/geom/PickRay;Lcom/sun/javafx/scene/input/PickResultChooser;)V @ 4
Event: 47.152 Thread 0x00007fcd98122000 Uncommon trap: reason=unstable_if action=reinterpret pc=0x0000000116d7a2d4 method=com.sun.prism.impl.ManagedResource.isValid()Z @ 4
Event: 48.707 Thread 0x00007fcd97907000 Uncommon trap: reason=class_check action=maybe_recompile pc=0x0000000116d38410 method=javafx.scene.Node.updateLocalToParentTransform()V @ 11
Event: 59.894 Thread 0x00007fcd9909e000 Uncommon trap: reason=class_check action=maybe_recompile pc=0x0000000116aad154 method=java.io.FilterInputStream.read()I @ 4
Event: 59.894 Thread 0x00007fcd9909e000 Uncommon trap: reason=class_check action=maybe_recompile pc=0x0000000116aad154 method=java.io.FilterInputStream.read()I @ 4
Event: 59.895 Thread 0x00007fcd9909e000 Uncommon trap: reason=class_check action=maybe_recompile pc=0x0000000116aad154 method=java.io.FilterInputStream.read()I @ 4
Event: 59.895 Thread 0x00007fcd9909e000 Uncommon trap: reason=class_check action=maybe_recompile pc=0x0000000116aad154 method=java.io.FilterInputStream.read()I @ 4
Event: 60.003 Thread 0x00007fcd9909e000 Uncommon trap: reason=unstable_if action=reinterpret pc=0x0000000116b0e684 method=javazoom.jl.decoder.BitReserve.hgetbits(I)I @ 22
Event: 60.262 Thread 0x00007fcd9909e000 Uncommon trap: reason=unstable_if action=reinterpret pc=0x000000011696075c method=sun.nio.cs.UTF_8$Decoder.decode([BII[C)I @ 30
Event: 60.265 Thread 0x00007fcd9909e000 Uncommon trap: reason=unstable_if action=reinterpret pc=0x0000000116eed97c method=javazoom.jl.decoder.Obuffer.clip(F)S @ 4

Classes redefined (0 events):
No events

Internal exceptions (10 events):
Event: 31.556 Thread 0x00007fcd97907000 Exception <a 'java/io/FileNotFoundException'> (0x000000079752d150) thrown at [/Users/java_re/workspace/8-2-build-macosx-x86_64/jdk8u152/9742/hotspot/src/share/vm/prims/jni.cpp, line 709]
Event: 31.558 Thread 0x00007fcd97907000 Exception <a 'java/io/FileNotFoundException'> (0x00000007975716c8) thrown at [/Users/java_re/workspace/8-2-build-macosx-x86_64/jdk8u152/9742/hotspot/src/share/vm/prims/jni.cpp, line 709]
Event: 35.400 Thread 0x00007fcd97907000 Exception <a 'java/io/FileNotFoundException'> (0x00000007955d46f0) thrown at [/Users/java_re/workspace/8-2-build-macosx-x86_64/jdk8u152/9742/hotspot/src/share/vm/prims/jni.cpp, line 709]
Event: 35.426 Thread 0x00007fcd97907000 Exception <a 'java/io/FileNotFoundException'> (0x00000007955e3fa8) thrown at [/Users/java_re/workspace/8-2-build-macosx-x86_64/jdk8u152/9742/hotspot/src/share/vm/prims/jni.cpp, line 709]
Event: 35.428 Thread 0x00007fcd97907000 Exception <a 'java/io/FileNotFoundException'> (0x0000000795622918) thrown at [/Users/java_re/workspace/8-2-build-macosx-x86_64/jdk8u152/9742/hotspot/src/share/vm/prims/jni.cpp, line 709]
Event: 39.469 Thread 0x00007fcd97907000 Exception <a 'java/io/FileNotFoundException'> (0x0000000795c8eb10) thrown at [/Users/java_re/workspace/8-2-build-macosx-x86_64/jdk8u152/9742/hotspot/src/share/vm/prims/jni.cpp, line 709]
Event: 39.493 Thread 0x00007fcd97907000 Exception <a 'java/io/FileNotFoundException'> (0x0000000795c9a768) thrown at [/Users/java_re/workspace/8-2-build-macosx-x86_64/jdk8u152/9742/hotspot/src/share/vm/prims/jni.cpp, line 709]
Event: 39.495 Thread 0x00007fcd97907000 Exception <a 'java/io/FileNotFoundException'> (0x0000000795ca8dc8) thrown at [/Users/java_re/workspace/8-2-build-macosx-x86_64/jdk8u152/9742/hotspot/src/share/vm/prims/jni.cpp, line 709]
Event: 52.479 Thread 0x00007fcd97907000 Exception <a 'java/io/FileNotFoundException'> (0x0000000796707c10) thrown at [/Users/java_re/workspace/8-2-build-macosx-x86_64/jdk8u152/9742/hotspot/src/share/vm/prims/jni.cpp, line 709]
Event: 52.514 Thread 0x00007fcd97907000 Exception <a 'java/io/FileNotFoundException'> (0x00000007967159e8) thrown at [/Users/java_re/workspace/8-2-build-macosx-x86_64/jdk8u152/9742/hotspot/src/share/vm/prims/jni.cpp, line 709]

Events (10 events):
Event: 60.267 Thread 0x00007fcd9784a800 flushing nmethod 0x0000000116ba4e50
Event: 60.268 Thread 0x00007fcd9784a800 flushing nmethod 0x0000000116bfde50
Event: 60.268 Thread 0x00007fcd9784a800 flushing nmethod 0x0000000116c36490
Event: 60.268 Thread 0x00007fcd9784a800 flushing nmethod 0x0000000116c38550
Event: 60.269 Thread 0x00007fcd9909e000 DEOPT PACKING pc=0x0000000116f82a23 sp=0x00007000097b70d0
Event: 60.269 Thread 0x00007fcd9909e000 DEOPT UNPACKING pc=0x00000001166ac633 sp=0x00007000097b6de0 mode 0
Event: 60.409 Thread 0x00007fcd9da9e800 Thread added: 0x00007fcd9da9e800
Event: 60.420 Thread 0x00007fcd990f6800 Thread added: 0x00007fcd990f6800
Event: 60.429 Thread 0x00007fcd984b1800 Thread added: 0x00007fcd984b1800
Event: 60.440 Thread 0x00007fcd98122000 Thread added: 0x00007fcd98122000


Dynamic libraries:
0x0000000009691000 	/System/Library/Frameworks/Cocoa.framework/Versions/A/Cocoa
0x0000000009691000 	/System/Library/Frameworks/Security.framework/Versions/A/Security
0x0000000009691000 	/System/Library/Frameworks/ApplicationServices.framework/Versions/A/ApplicationServices
0x0000000009691000 	/usr/lib/libz.1.dylib
0x0000000009691000 	/usr/lib/libSystem.B.dylib
0x0000000009691000 	/usr/lib/libobjc.A.dylib
0x0000000009691000 	/System/Library/Frameworks/CoreFoundation.framework/Versions/A/CoreFoundation
0x0000000009691000 	/System/Library/Frameworks/Foundation.framework/Versions/C/Foundation
0x0000000009691000 	/System/Library/Frameworks/AppKit.framework/Versions/C/AppKit
0x0000000009691000 	/System/Library/Frameworks/CoreData.framework/Versions/A/CoreData
0x0000000009691000 	/System/Library/PrivateFrameworks/RemoteViewServices.framework/Versions/A/RemoteViewServices
0x0000000009691000 	/System/Library/PrivateFrameworks/UIFoundation.framework/Versions/A/UIFoundation
0x0000000009691000 	/System/Library/PrivateFrameworks/DFRFoundation.framework/Versions/A/DFRFoundation
0x0000000009691000 	/System/Library/Frameworks/Metal.framework/Versions/A/Metal
0x0000000009691000 	/System/Library/PrivateFrameworks/DesktopServicesPriv.framework/Versions/A/DesktopServicesPriv
0x0000000009691000 	/usr/lib/libenergytrace.dylib
0x0000000009691000 	/System/Library/PrivateFrameworks/SkyLight.framework/Versions/A/SkyLight
0x0000000009691000 	/System/Library/Frameworks/CoreGraphics.framework/Versions/A/CoreGraphics
0x0000000009691000 	/usr/lib/libScreenReader.dylib
0x0000000009691000 	/System/Library/Frameworks/Accelerate.framework/Versions/A/Accelerate
0x0000000009691000 	/System/Library/Frameworks/IOSurface.framework/Versions/A/IOSurface
0x0000000009691000 	/System/Library/Frameworks/AudioToolbox.framework/Versions/A/AudioToolbox
0x0000000009691000 	/System/Library/Frameworks/AudioUnit.framework/Versions/A/AudioUnit
0x0000000009691000 	/System/Library/PrivateFrameworks/DataDetectorsCore.framework/Versions/A/DataDetectorsCore
0x0000000009691000 	/System/Library/Frameworks/Carbon.framework/Versions/A/Frameworks/HIToolbox.framework/Versions/A/HIToolbox
0x0000000009691000 	/usr/lib/libicucore.A.dylib
0x0000000009691000 	/System/Library/Frameworks/QuartzCore.framework/Versions/A/QuartzCore
0x0000000009691000 	/System/Library/Frameworks/Carbon.framework/Versions/A/Frameworks/SpeechRecognition.framework/Versions/A/SpeechRecognition
0x0000000009691000 	/usr/lib/libauto.dylib
0x0000000009691000 	/usr/lib/libxml2.2.dylib
0x0000000009691000 	/System/Library/PrivateFrameworks/CoreUI.framework/Versions/A/CoreUI
0x0000000009691000 	/System/Library/Frameworks/CoreAudio.framework/Versions/A/CoreAudio
0x0000000009691000 	/System/Library/Frameworks/DiskArbitration.framework/Versions/A/DiskArbitration
0x0000000009691000 	/usr/lib/liblangid.dylib
0x0000000009691000 	/System/Library/PrivateFrameworks/MultitouchSupport.framework/Versions/A/MultitouchSupport
0x0000000009691000 	/System/Library/Frameworks/IOKit.framework/Versions/A/IOKit
0x0000000009691000 	/usr/lib/libDiagnosticMessagesClient.dylib
0x0000000009691000 	/System/Library/Frameworks/CoreServices.framework/Versions/A/CoreServices
0x0000000009691000 	/System/Library/PrivateFrameworks/PerformanceAnalysis.framework/Versions/A/PerformanceAnalysis
0x0000000009691000 	/System/Library/Frameworks/OpenGL.framework/Versions/A/OpenGL
0x0000000009691000 	/System/Library/Frameworks/ColorSync.framework/Versions/A/ColorSync
0x0000000009691000 	/System/Library/Frameworks/CoreImage.framework/Versions/A/CoreImage
0x0000000009691000 	/System/Library/Frameworks/CoreText.framework/Versions/A/CoreText
0x0000000009691000 	/System/Library/Frameworks/ImageIO.framework/Versions/A/ImageIO
0x0000000009691000 	/System/Library/PrivateFrameworks/Backup.framework/Versions/A/Backup
0x0000000009691000 	/usr/lib/libarchive.2.dylib
0x0000000009691000 	/System/Library/Frameworks/CFNetwork.framework/Versions/A/CFNetwork
0x0000000009691000 	/System/Library/Frameworks/SystemConfiguration.framework/Versions/A/SystemConfiguration
0x0000000009691000 	/usr/lib/libCRFSuite.dylib
0x0000000009691000 	/usr/lib/libc++.1.dylib
0x0000000009691000 	/usr/lib/libc++abi.dylib
0x0000000009691000 	/usr/lib/system/libcache.dylib
0x0000000009691000 	/usr/lib/system/libcommonCrypto.dylib
0x0000000009691000 	/usr/lib/system/libcompiler_rt.dylib
0x0000000009691000 	/usr/lib/system/libcopyfile.dylib
0x0000000009691000 	/usr/lib/system/libcorecrypto.dylib
0x0000000009691000 	/usr/lib/system/libdispatch.dylib
0x0000000009691000 	/usr/lib/system/libdyld.dylib
0x0000000009691000 	/usr/lib/system/libkeymgr.dylib
0x0000000009691000 	/usr/lib/system/liblaunch.dylib
0x0000000009691000 	/usr/lib/system/libmacho.dylib
0x0000000009691000 	/usr/lib/system/libquarantine.dylib
0x0000000009691000 	/usr/lib/system/libremovefile.dylib
0x0000000009691000 	/usr/lib/system/libsystem_asl.dylib
0x0000000009691000 	/usr/lib/system/libsystem_blocks.dylib
0x0000000009691000 	/usr/lib/system/libsystem_c.dylib
0x0000000009691000 	/usr/lib/system/libsystem_configuration.dylib
0x0000000009691000 	/usr/lib/system/libsystem_coreservices.dylib
0x0000000009691000 	/usr/lib/system/libsystem_darwin.dylib
0x0000000009691000 	/usr/lib/system/libsystem_dnssd.dylib
0x0000000009691000 	/usr/lib/system/libsystem_info.dylib
0x0000000009691000 	/usr/lib/system/libsystem_m.dylib
0x0000000009691000 	/usr/lib/system/libsystem_malloc.dylib
0x0000000009691000 	/usr/lib/system/libsystem_network.dylib
0x0000000009691000 	/usr/lib/system/libsystem_networkextension.dylib
0x0000000009691000 	/usr/lib/system/libsystem_notify.dylib
0x0000000009691000 	/usr/lib/system/libsystem_sandbox.dylib
0x0000000009691000 	/usr/lib/system/libsystem_secinit.dylib
0x0000000009691000 	/usr/lib/system/libsystem_kernel.dylib
0x0000000009691000 	/usr/lib/system/libsystem_platform.dylib
0x0000000009691000 	/usr/lib/system/libsystem_pthread.dylib
0x0000000009691000 	/usr/lib/system/libsystem_symptoms.dylib
0x0000000009691000 	/usr/lib/system/libsystem_trace.dylib
0x0000000009691000 	/usr/lib/system/libunwind.dylib
0x0000000009691000 	/usr/lib/system/libxpc.dylib
0x0000000009691000 	/usr/lib/closure/libclosured.dylib
0x0000000009691000 	/usr/lib/libbsm.0.dylib
0x0000000009691000 	/usr/lib/system/libkxld.dylib
0x0000000009691000 	/usr/lib/libOpenScriptingUtil.dylib
0x0000000009691000 	/usr/lib/libcoretls.dylib
0x0000000009691000 	/usr/lib/libcoretls_cfhelpers.dylib
0x0000000009691000 	/usr/lib/libpam.2.dylib
0x0000000009691000 	/usr/lib/libsqlite3.dylib
0x0000000009691000 	/usr/lib/libxar.1.dylib
0x0000000009691000 	/usr/lib/libbz2.1.0.dylib
0x0000000009691000 	/usr/lib/liblzma.5.dylib
0x0000000009691000 	/usr/lib/libnetwork.dylib
0x0000000009691000 	/usr/lib/libapple_nghttp2.dylib
0x0000000009691000 	/usr/lib/libpcap.A.dylib
0x0000000009691000 	/usr/lib/libboringssl.dylib
0x0000000009691000 	/usr/lib/libusrtcp.dylib
0x0000000009691000 	/usr/lib/libapple_crypto.dylib
0x0000000009691000 	/System/Library/Frameworks/CoreServices.framework/Versions/A/Frameworks/FSEvents.framework/Versions/A/FSEvents
0x0000000009691000 	/System/Library/Frameworks/CoreServices.framework/Versions/A/Frameworks/CarbonCore.framework/Versions/A/CarbonCore
0x0000000009691000 	/System/Library/Frameworks/CoreServices.framework/Versions/A/Frameworks/Metadata.framework/Versions/A/Metadata
0x0000000009691000 	/System/Library/Frameworks/CoreServices.framework/Versions/A/Frameworks/OSServices.framework/Versions/A/OSServices
0x0000000009691000 	/System/Library/Frameworks/CoreServices.framework/Versions/A/Frameworks/SearchKit.framework/Versions/A/SearchKit
0x0000000009691000 	/System/Library/Frameworks/CoreServices.framework/Versions/A/Frameworks/AE.framework/Versions/A/AE
0x0000000009691000 	/System/Library/Frameworks/CoreServices.framework/Versions/A/Frameworks/LaunchServices.framework/Versions/A/LaunchServices
0x0000000009691000 	/System/Library/Frameworks/CoreServices.framework/Versions/A/Frameworks/DictionaryServices.framework/Versions/A/DictionaryServices
0x0000000009691000 	/System/Library/Frameworks/CoreServices.framework/Versions/A/Frameworks/SharedFileList.framework/Versions/A/SharedFileList
0x0000000009691000 	/System/Library/Frameworks/NetFS.framework/Versions/A/NetFS
0x0000000009691000 	/System/Library/PrivateFrameworks/NetAuth.framework/Versions/A/NetAuth
0x0000000009691000 	/System/Library/PrivateFrameworks/login.framework/Versions/A/Frameworks/loginsupport.framework/Versions/A/loginsupport
0x0000000009691000 	/System/Library/PrivateFrameworks/TCC.framework/Versions/A/TCC
0x0000000009691000 	/usr/lib/libmecabra.dylib
0x0000000009691000 	/System/Library/Frameworks/ApplicationServices.framework/Versions/A/Frameworks/ATS.framework/Versions/A/ATS
0x0000000009691000 	/System/Library/Frameworks/ApplicationServices.framework/Versions/A/Frameworks/ColorSyncLegacy.framework/Versions/A/ColorSyncLegacy
0x0000000009691000 	/System/Library/Frameworks/ApplicationServices.framework/Versions/A/Frameworks/HIServices.framework/Versions/A/HIServices
0x0000000009691000 	/System/Library/Frameworks/ApplicationServices.framework/Versions/A/Frameworks/LangAnalysis.framework/Versions/A/LangAnalysis
0x0000000009691000 	/System/Library/Frameworks/ApplicationServices.framework/Versions/A/Frameworks/PrintCore.framework/Versions/A/PrintCore
0x0000000009691000 	/System/Library/Frameworks/ApplicationServices.framework/Versions/A/Frameworks/QD.framework/Versions/A/QD
0x0000000009691000 	/System/Library/Frameworks/ApplicationServices.framework/Versions/A/Frameworks/SpeechSynthesis.framework/Versions/A/SpeechSynthesis
0x0000000009691000 	/System/Library/Frameworks/CoreDisplay.framework/Versions/A/CoreDisplay
0x0000000009691000 	/System/Library/Frameworks/Accelerate.framework/Versions/A/Frameworks/vImage.framework/Versions/A/vImage
0x0000000009691000 	/System/Library/Frameworks/Accelerate.framework/Versions/A/Frameworks/vecLib.framework/Versions/A/vecLib
0x0000000009691000 	/System/Library/Frameworks/Accelerate.framework/Versions/A/Frameworks/vecLib.framework/Versions/A/libvDSP.dylib
0x0000000009691000 	/System/Library/Frameworks/Accelerate.framework/Versions/A/Frameworks/vecLib.framework/Versions/A/libBNNS.dylib
0x0000000009691000 	/System/Library/Frameworks/Accelerate.framework/Versions/A/Frameworks/vecLib.framework/Versions/A/libQuadrature.dylib
0x0000000009691000 	/System/Library/Frameworks/Accelerate.framework/Versions/A/Frameworks/vecLib.framework/Versions/A/libvMisc.dylib
0x0000000009691000 	/System/Library/Frameworks/Accelerate.framework/Versions/A/Frameworks/vecLib.framework/Versions/A/libLAPACK.dylib
0x0000000009691000 	/System/Library/Frameworks/Accelerate.framework/Versions/A/Frameworks/vecLib.framework/Versions/A/libBLAS.dylib
0x0000000009691000 	/System/Library/Frameworks/Accelerate.framework/Versions/A/Frameworks/vecLib.framework/Versions/A/libLinearAlgebra.dylib
0x0000000009691000 	/System/Library/Frameworks/Accelerate.framework/Versions/A/Frameworks/vecLib.framework/Versions/A/libSparse.dylib
0x0000000009691000 	/System/Library/Frameworks/Accelerate.framework/Versions/A/Frameworks/vecLib.framework/Versions/A/libSparseBLAS.dylib
0x0000000009691000 	/System/Library/PrivateFrameworks/IOAccelerator.framework/Versions/A/IOAccelerator
0x0000000009691000 	/System/Library/PrivateFrameworks/IOPresentment.framework/Versions/A/IOPresentment
0x0000000009691000 	/System/Library/PrivateFrameworks/DSExternalDisplay.framework/Versions/A/DSExternalDisplay
0x0000000009691000 	/System/Library/Frameworks/OpenGL.framework/Versions/A/Libraries/libCoreFSCache.dylib
0x0000000009691000 	/System/Library/Frameworks/CoreVideo.framework/Versions/A/CoreVideo
0x0000000009691000 	/System/Library/PrivateFrameworks/GraphVisualizer.framework/Versions/A/GraphVisualizer
0x0000000009691000 	/System/Library/Frameworks/MetalPerformanceShaders.framework/Versions/A/MetalPerformanceShaders
0x0000000009691000 	/usr/lib/libFosl_dynamic.dylib
0x0000000009691000 	/System/Library/PrivateFrameworks/FaceCore.framework/Versions/A/FaceCore
0x0000000009691000 	/System/Library/Frameworks/OpenCL.framework/Versions/A/OpenCL
0x0000000009691000 	/usr/lib/libcompression.dylib
0x0000000009691000 	/System/Library/Frameworks/ApplicationServices.framework/Versions/A/Frameworks/ATS.framework/Versions/A/Resources/libFontParser.dylib
0x0000000009691000 	/System/Library/Frameworks/ApplicationServices.framework/Versions/A/Frameworks/ATS.framework/Versions/A/Resources/libFontRegistry.dylib
0x0000000009691000 	/System/Library/Frameworks/ImageIO.framework/Versions/A/Resources/libJPEG.dylib
0x0000000009691000 	/System/Library/Frameworks/ImageIO.framework/Versions/A/Resources/libTIFF.dylib
0x0000000009691000 	/System/Library/Frameworks/ImageIO.framework/Versions/A/Resources/libPng.dylib
0x0000000009691000 	/System/Library/Frameworks/ImageIO.framework/Versions/A/Resources/libGIF.dylib
0x0000000009691000 	/System/Library/Frameworks/ImageIO.framework/Versions/A/Resources/libJP2.dylib
0x0000000009691000 	/System/Library/Frameworks/ImageIO.framework/Versions/A/Resources/libRadiance.dylib
0x0000000009691000 	/System/Library/PrivateFrameworks/AppleJPEG.framework/Versions/A/AppleJPEG
0x0000000009691000 	/System/Library/PrivateFrameworks/MetalTools.framework/Versions/A/MetalTools
0x0000000009691000 	/System/Library/Frameworks/MetalPerformanceShaders.framework/Frameworks/MPSCore.framework/Versions/A/MPSCore
0x0000000009691000 	/System/Library/Frameworks/MetalPerformanceShaders.framework/Frameworks/MPSImage.framework/Versions/A/MPSImage
0x0000000009691000 	/System/Library/Frameworks/MetalPerformanceShaders.framework/Frameworks/MPSMatrix.framework/Versions/A/MPSMatrix
0x0000000009691000 	/System/Library/Frameworks/MetalPerformanceShaders.framework/Frameworks/MPSNeuralNetwork.framework/Versions/A/MPSNeuralNetwork
0x0000000009691000 	/System/Library/Frameworks/OpenGL.framework/Versions/A/Libraries/libGLU.dylib
0x0000000009691000 	/System/Library/Frameworks/OpenGL.framework/Versions/A/Libraries/libGFXShared.dylib
0x0000000009691000 	/System/Library/Frameworks/OpenGL.framework/Versions/A/Libraries/libGL.dylib
0x0000000009691000 	/System/Library/Frameworks/OpenGL.framework/Versions/A/Libraries/libGLImage.dylib
0x0000000009691000 	/System/Library/Frameworks/OpenGL.framework/Versions/A/Libraries/libCVMSPluginSupport.dylib
0x0000000009691000 	/System/Library/Frameworks/OpenGL.framework/Versions/A/Libraries/libCoreVMClient.dylib
0x0000000009691000 	/usr/lib/libcups.2.dylib
0x0000000009691000 	/System/Library/Frameworks/Kerberos.framework/Versions/A/Kerberos
0x0000000009691000 	/System/Library/Frameworks/GSS.framework/Versions/A/GSS
0x0000000009691000 	/usr/lib/libresolv.9.dylib
0x0000000009691000 	/usr/lib/libiconv.2.dylib
0x0000000009691000 	/System/Library/PrivateFrameworks/Heimdal.framework/Versions/A/Heimdal
0x0000000009691000 	/usr/lib/libheimdal-asn1.dylib
0x0000000009691000 	/System/Library/Frameworks/OpenDirectory.framework/Versions/A/OpenDirectory
0x0000000009691000 	/System/Library/PrivateFrameworks/CommonAuth.framework/Versions/A/CommonAuth
0x0000000009691000 	/System/Library/Frameworks/OpenDirectory.framework/Versions/A/Frameworks/CFOpenDirectory.framework/Versions/A/CFOpenDirectory
0x0000000009691000 	/System/Library/Frameworks/SecurityFoundation.framework/Versions/A/SecurityFoundation
0x0000000009691000 	/System/Library/PrivateFrameworks/APFS.framework/Versions/A/APFS
0x0000000009691000 	/usr/lib/libutil.dylib
0x0000000009691000 	/System/Library/PrivateFrameworks/AppleSauce.framework/Versions/A/AppleSauce
0x0000000009691000 	/System/Library/PrivateFrameworks/LinguisticData.framework/Versions/A/LinguisticData
0x0000000009691000 	/usr/lib/libmarisa.dylib
0x0000000009691000 	/System/Library/PrivateFrameworks/Lexicon.framework/Versions/A/Lexicon
0x0000000009691000 	/usr/lib/libChineseTokenizer.dylib
0x0000000009691000 	/usr/lib/libcmph.dylib
0x0000000009691000 	/System/Library/PrivateFrameworks/LanguageModeling.framework/Versions/A/LanguageModeling
0x0000000009691000 	/System/Library/PrivateFrameworks/CoreEmoji.framework/Versions/A/CoreEmoji
0x0000000009691000 	/System/Library/Frameworks/ServiceManagement.framework/Versions/A/ServiceManagement
0x0000000009691000 	/System/Library/PrivateFrameworks/BackgroundTaskManagement.framework/Versions/A/BackgroundTaskManagement
0x0000000009691000 	/usr/lib/libxslt.1.dylib
0x0000000009691000 	/System/Library/Frameworks/Carbon.framework/Versions/A/Frameworks/Ink.framework/Versions/A/Ink
0x0000000009691000 	/System/Library/PrivateFrameworks/TextureIO.framework/Versions/A/TextureIO
0x0000000009691000 	/usr/lib/libate.dylib
0x0000000009691000 	/System/Library/PrivateFrameworks/CrashReporterSupport.framework/Versions/A/CrashReporterSupport
0x0000000009691000 	/System/Library/PrivateFrameworks/Sharing.framework/Versions/A/Sharing
0x0000000009691000 	/System/Library/PrivateFrameworks/IconServices.framework/Versions/A/IconServices
0x0000000009691000 	/System/Library/PrivateFrameworks/ProtocolBuffer.framework/Versions/A/ProtocolBuffer
0x0000000009691000 	/System/Library/PrivateFrameworks/Apple80211.framework/Versions/A/Apple80211
0x0000000009691000 	/System/Library/Frameworks/CoreWLAN.framework/Versions/A/CoreWLAN
0x0000000009691000 	/System/Library/PrivateFrameworks/CoreUtils.framework/Versions/A/CoreUtils
0x0000000009691000 	/System/Library/Frameworks/IOBluetooth.framework/Versions/A/IOBluetooth
0x0000000009691000 	/System/Library/PrivateFrameworks/CoreWiFi.framework/Versions/A/CoreWiFi
0x0000000009691000 	/System/Library/Frameworks/CoreBluetooth.framework/Versions/A/CoreBluetooth
0x0000000009691000 	/System/Library/PrivateFrameworks/SignpostNotification.framework/Versions/A/SignpostNotification
0x0000000009691000 	/System/Library/PrivateFrameworks/DebugSymbols.framework/Versions/A/DebugSymbols
0x0000000009691000 	/System/Library/PrivateFrameworks/CoreSymbolication.framework/Versions/A/CoreSymbolication
0x0000000009691000 	/System/Library/PrivateFrameworks/Symbolication.framework/Versions/A/Symbolication
0x0000000009691000 	/System/Library/PrivateFrameworks/AppleFSCompression.framework/Versions/A/AppleFSCompression
0x0000000009691000 	/System/Library/PrivateFrameworks/SpeechRecognitionCore.framework/Versions/A/SpeechRecognitionCore
0x0000000107c00000 	/Library/Java/JavaVirtualMachines/jdk1.8.0_152.jdk/Contents/Home/jre/lib/server/libjvm.dylib
0x0000000009691000 	/usr/lib/libstdc++.6.0.9.dylib
0x00000001072ff000 	/Library/Java/JavaVirtualMachines/jdk1.8.0_152.jdk/Contents/Home/jre/lib/libverify.dylib
0x000000010730d000 	/Library/Java/JavaVirtualMachines/jdk1.8.0_152.jdk/Contents/Home/jre/lib/libjava.dylib
0x000000010738d000 	/Library/Java/JavaVirtualMachines/jdk1.8.0_152.jdk/Contents/Home/jre/lib/libzip.dylib
0x0000000110f2c000 	/Library/Java/JavaVirtualMachines/jdk1.8.0_152.jdk/Contents/Home/jre/lib/libprism_es2.dylib
0x0000000009691000 	/System/Library/PrivateFrameworks/CoreServicesInternal.framework/Versions/A/CoreServicesInternal
0x0000000009691000 	/System/Library/Frameworks/OpenGL.framework/Versions/A/Resources/GLEngine.bundle/GLEngine
0x0000000009691000 	/System/Library/Frameworks/OpenGL.framework/Versions/A/Libraries/libGLProgrammability.dylib
0x0000000110fd4000 	/System/Library/Extensions/AppleIntelSKLGraphicsGLDriver.bundle/Contents/MacOS/AppleIntelSKLGraphicsGLDriver
0x0000000009691000 	/System/Library/PrivateFrameworks/GPUSupport.framework/Versions/A/Libraries/libGPUSupportMercury.dylib
0x0000000009691000 	/System/Library/Frameworks/OpenGL.framework/Versions/A/Resources/GLRendererFloat.bundle/GLRendererFloat
0x0000000009691000 	/System/Library/Frameworks/OpenCL.framework/Versions/A/Libraries/libcldcpuengine.dylib
0x0000000009691000 	/usr/lib/libcrypto.35.dylib
0x0000000009691000 	/System/Library/PrivateFrameworks/TrustEvaluationAgent.framework/Versions/A/TrustEvaluationAgent
0x00000001123ef000 	/Library/Java/JavaVirtualMachines/jdk1.8.0_152.jdk/Contents/Home/jre/lib/libglass.dylib
0x0000000009691000 	/System/Library/CoreServices/RawCamera.bundle/Contents/MacOS/RawCamera
0x0000000009691000 	/System/Library/PrivateFrameworks/MobileAsset.framework/Versions/A/MobileAsset
0x0000000009691000 	/System/Library/PrivateFrameworks/StreamingZip.framework/Versions/A/StreamingZip
0x0000000009691000 	/System/Library/Frameworks/MediaToolbox.framework/Versions/A/MediaToolbox
0x0000000009691000 	/System/Library/PrivateFrameworks/CoreAVCHD.framework/Versions/A/CoreAVCHD
0x0000000009691000 	/System/Library/Frameworks/MediaAccessibility.framework/Versions/A/MediaAccessibility
0x0000000009691000 	/System/Library/PrivateFrameworks/Mangrove.framework/Versions/A/Mangrove
0x0000000009691000 	/System/Library/Frameworks/CoreMedia.framework/Versions/A/CoreMedia
0x0000000009691000 	/System/Library/Frameworks/VideoToolbox.framework/Versions/A/VideoToolbox
0x0000000009691000 	/System/Library/PrivateFrameworks/CoreAUC.framework/Versions/A/CoreAUC
0x0000000009691000 	/usr/lib/libspindump.dylib
0x0000000009691000 	/usr/lib/libdscsym.dylib
0x0000000009691000 	/System/Library/PrivateFrameworks/AppleVA.framework/Versions/A/AppleVA
0x0000000009691000 	/System/Library/Frameworks/Accelerate.framework/Versions/A/Frameworks/vImage.framework/Versions/A/Libraries/libCGInterfaces.dylib
0x0000000009691000 	/System/Library/PrivateFrameworks/FamilyControls.framework/Versions/A/FamilyControls
0x0000000009691000 	/System/Library/PrivateFrameworks/CommerceKit.framework/Versions/A/Frameworks/CommerceCore.framework/Versions/A/CommerceCore
0x0000000009691000 	/System/Library/PrivateFrameworks/SystemAdministration.framework/Versions/A/SystemAdministration
0x0000000009691000 	/System/Library/PrivateFrameworks/AppContainer.framework/Versions/A/AppContainer
0x0000000009691000 	/System/Library/PrivateFrameworks/SecCodeWrapper.framework/Versions/A/SecCodeWrapper
0x0000000009691000 	/System/Library/PrivateFrameworks/DiskManagement.framework/Versions/A/DiskManagement
0x0000000009691000 	/System/Library/Frameworks/DirectoryService.framework/Versions/A/DirectoryService
0x0000000009691000 	/System/Library/PrivateFrameworks/DiskImages.framework/Versions/A/DiskImages
0x0000000009691000 	/System/Library/PrivateFrameworks/LoginUIKit.framework/Versions/A/Frameworks/LoginUICore.framework/Versions/A/LoginUICore
0x0000000009691000 	/usr/lib/libCoreStorage.dylib
0x0000000009691000 	/usr/lib/libcsfde.dylib
0x0000000009691000 	/usr/lib/libodfde.dylib
0x0000000009691000 	/System/Library/PrivateFrameworks/MediaKit.framework/Versions/A/MediaKit
0x0000000009691000 	/System/Library/Frameworks/DiscRecording.framework/Versions/A/DiscRecording
0x0000000009691000 	/System/Library/PrivateFrameworks/EFILogin.framework/Versions/A/EFILogin
0x0000000009691000 	/System/Library/PrivateFrameworks/ProtectedCloudStorage.framework/Versions/A/ProtectedCloudStorage
0x0000000009691000 	/usr/lib/libcurl.4.dylib
0x0000000009691000 	/usr/lib/libssl.35.dylib
0x0000000009691000 	/System/Library/Frameworks/LDAP.framework/Versions/A/LDAP
0x0000000009691000 	/usr/lib/libsasl2.2.dylib
0x0000000009691000 	/System/Library/PrivateFrameworks/CoreDaemon.framework/Versions/B/CoreDaemon
0x0000000009691000 	/System/Library/PrivateFrameworks/AppleSRP.framework/Versions/A/AppleSRP
0x0000000114276000 	/Library/Java/JavaVirtualMachines/jdk1.8.0_152.jdk/Contents/Home/jre/lib/libawt.dylib
0x0000000114320000 	/Library/Java/JavaVirtualMachines/jdk1.8.0_152.jdk/Contents/Home/jre/lib/./libmlib_image.dylib
0x0000000009691000 	/System/Library/Frameworks/JavaVM.framework/Versions/A/Frameworks/JavaNativeFoundation.framework/Versions/A/JavaNativeFoundation
0x0000000009691000 	/System/Library/Frameworks/JavaVM.framework/Versions/A/Frameworks/JavaRuntimeSupport.framework/Versions/A/JavaRuntimeSupport
0x0000000009691000 	/System/Library/Frameworks/JavaVM.framework/Versions/A/JavaVM
0x0000000009691000 	/System/Library/PrivateFrameworks/JavaLaunching.framework/Versions/A/JavaLaunching
0x0000000009691000 	/System/Library/Frameworks/Carbon.framework/Versions/A/Carbon
0x0000000009691000 	/System/Library/Frameworks/Carbon.framework/Versions/A/Frameworks/CommonPanels.framework/Versions/A/CommonPanels
0x0000000009691000 	/System/Library/Frameworks/Carbon.framework/Versions/A/Frameworks/Help.framework/Versions/A/Help
0x0000000009691000 	/System/Library/Frameworks/Carbon.framework/Versions/A/Frameworks/ImageCapture.framework/Versions/A/ImageCapture
0x0000000009691000 	/System/Library/Frameworks/Carbon.framework/Versions/A/Frameworks/OpenScripting.framework/Versions/A/OpenScripting
0x0000000009691000 	/System/Library/Frameworks/Carbon.framework/Versions/A/Frameworks/Print.framework/Versions/A/Print
0x0000000009691000 	/System/Library/Frameworks/Carbon.framework/Versions/A/Frameworks/SecurityHI.framework/Versions/A/SecurityHI
0x00000001143ec000 	/Library/Java/JavaVirtualMachines/jdk1.8.0_152.jdk/Contents/Home/jre/lib/libawt_lwawt.dylib
0x00000001144a6000 	/Library/Java/JavaVirtualMachines/jdk1.8.0_152.jdk/Contents/Home/jre/lib/./libosxapp.dylib
0x0000000009691000 	/System/Library/Frameworks/ExceptionHandling.framework/Versions/A/ExceptionHandling
0x0000000009691000 	/System/Library/Frameworks/ApplicationServices.framework/Versions/A/Frameworks/ATS.framework/Versions/A/Resources/libTrueTypeScaler.dylib
0x0000000009691000 	/System/Library/Extensions/AppleIntelSKLGraphicsMTLDriver.bundle/Contents/MacOS/AppleIntelSKLGraphicsMTLDriver
0x0000000009691000 	/System/Library/PrivateFrameworks/GPUCompiler.framework/Versions/3802/Libraries/libmetal_timestamp.dylib
0x00000001162c4000 	/Library/Java/JavaVirtualMachines/jdk1.8.0_152.jdk/Contents/Home/jre/lib/libfontmanager.dylib
0x0000000115815000 	/Library/Java/JavaVirtualMachines/jdk1.8.0_152.jdk/Contents/Home/jre/lib/libosxui.dylib
0x0000000126c3e000 	/Library/Java/JavaVirtualMachines/jdk1.8.0_152.jdk/Contents/Home/jre/lib/libnio.dylib
0x0000000126cbe000 	/Library/Java/JavaVirtualMachines/jdk1.8.0_152.jdk/Contents/Home/jre/lib/./libnet.dylib
0x0000000009691000 	/System/Library/PrivateFrameworks/ViewBridge.framework/Versions/A/ViewBridge
0x0000000009691000 	/System/Library/PrivateFrameworks/login.framework/Versions/A/login
0x0000000113315000 	/Library/Java/JavaVirtualMachines/jdk1.8.0_152.jdk/Contents/Home/jre/lib/libjsound.dylib
0x0000000009691000 	/System/Library/Frameworks/CoreMIDI.framework/Versions/A/CoreMIDI
0x0000000009691000 	/usr/lib/libexpat.1.dylib
0x0000000112b30000 	/System/Library/Extensions/AppleHDA.kext/Contents/PlugIns/AppleHDAHALPlugIn.bundle/Contents/MacOS/AppleHDAHALPlugIn
0x0000000128f32000 	/System/Library/Components/CoreAudio.component/Contents/MacOS/CoreAudio
0x0000000128ba5000 	/Library/Java/JavaVirtualMachines/jdk1.8.0_152.jdk/Contents/Home/jre/lib/libjavafx_iio.dylib
0x000000011333d000 	/Library/Java/JavaVirtualMachines/jdk1.8.0_152.jdk/Contents/Home/jre/lib/libjavafx_font.dylib
0x000000012dcb6000 	/Library/Java/JavaVirtualMachines/jdk1.8.0_152.jdk/Contents/Home/jre/lib/libprism_common.dylib

VM Arguments:
jvm_args: -Dfile.encoding=UTF-8 
java_command: com.neet.DiamondHunter.Main.Game
java_class_path (initial): /Library/Java/JavaVirtualMachines/jdk1.8.0_152.jdk/Contents/Home/jre/lib/resources.jar:/Library/Java/JavaVirtualMachines/jdk1.8.0_152.jdk/Contents/Home/jre/lib/rt.jar:/Library/Java/JavaVirtualMachines/jdk1.8.0_152.jdk/Contents/Home/jre/lib/jsse.jar:/Library/Java/JavaVirtualMachines/jdk1.8.0_152.jdk/Contents/Home/jre/lib/jce.jar:/Library/Java/JavaVirtualMachines/jdk1.8.0_152.jdk/Contents/Home/jre/lib/charsets.jar:/Library/Java/JavaVirtualMachines/jdk1.8.0_152.jdk/Contents/Home/jre/lib/jfr.jar:/Library/Java/JavaVirtualMachines/jdk1.8.0_152.jdk/Contents/Home/jre/lib/ext/sunec.jar:/Library/Java/JavaVirtualMachines/jdk1.8.0_152.jdk/Contents/Home/jre/lib/ext/nashorn.jar:/Library/Java/JavaVirtualMachines/jdk1.8.0_152.jdk/Contents/Home/jre/lib/ext/cldrdata.jar:/Library/Java/JavaVirtualMachines/jdk1.8.0_152.jdk/Contents/Home/jre/lib/ext/jfxrt.jar:/Library/Java/JavaVirtualMachines/jdk1.8.0_152.jdk/Contents/Home/jre/lib/ext/dnsns.jar:/Library/Java/JavaVirtualMachines/jdk1.8.0_152.jdk/Contents/Home/jre/lib/ext/localedata.jar:/Library/Java/JavaVirtualMachines/jdk1.8.0_152.jdk/Contents/Home/jre/lib/ext/sunjce_provider.jar:/Library/Java/JavaVirtualMachines/jdk1.8.0_152.jdk/Contents/Home/jre/lib/ext/sunpkcs11.jar:/Library/Java/JavaVirtualMachines/jdk1.8.0_152.jdk/Contents/Home/jre/lib/ext/jaccess.jar:/Library/Java/JavaVirtualMachines/jdk1.8.0_152.jdk/Contents/Home/jre/lib/ext/zipfs.jar:/System/Library/Java/Extensions/MRJToolkit.jar:/Users/priyanka_cj/Documents/GitHub/SWMCW2/DiamondHunter/bin:/Users/priyanka_cj/Documents/GitHub/SWMCW2/DiamondHunter/Libs/jl1.0.1.jar:/Users/priyanka_cj/Documents/GitHub/SWMCW2/DiamondHunter/Libs/mp3spi1.9.5.jar:/Users/priyanka_cj/Documents/GitHub/SWMCW2/DiamondHunter/Libs/tritonus_share.jar:/Users/priyanka_cj/.p2/pool/plugins/org.eclipse.fx.ide.css.jfx8_3.0.0.201705220750.jar
Launcher Type: SUN_STANDARD

Environment Variables:
PATH=/usr/bin:/bin:/usr/sbin:/sbin
SHELL=/bin/bash

Signal Handlers:
SIGSEGV: [libjvm.dylib+0x5b494d], sa_mask[0]=11111111011111110111111111111111, sa_flags=SA_ONSTACK|SA_RESTART|SA_SIGINFO
SIGBUS: [libjvm.dylib+0x5b494d], sa_mask[0]=11111111011111110111111111111111, sa_flags=SA_RESTART|SA_SIGINFO
SIGFPE: [libjvm.dylib+0x48ab54], sa_mask[0]=11111111011111110111111111111111, sa_flags=SA_RESTART|SA_SIGINFO
SIGPIPE: [libjvm.dylib+0x48ab54], sa_mask[0]=11111111011111110111111111111111, sa_flags=SA_RESTART|SA_SIGINFO
SIGXFSZ: [libjvm.dylib+0x48ab54], sa_mask[0]=11111111011111110111111111111111, sa_flags=SA_RESTART|SA_SIGINFO
SIGILL: [libjvm.dylib+0x48ab54], sa_mask[0]=11111111011111110111111111111111, sa_flags=SA_RESTART|SA_SIGINFO
SIGUSR1: SIG_DFL, sa_mask[0]=00000000000000000000000000000000, sa_flags=none
SIGUSR2: [libjvm.dylib+0x48a672], sa_mask[0]=00100000000000000000000000000000, sa_flags=SA_RESTART|SA_SIGINFO
SIGHUP: [libjvm.dylib+0x488c49], sa_mask[0]=11111111011111110111111111111111, sa_flags=SA_RESTART|SA_SIGINFO
SIGINT: [libjvm.dylib+0x488c49], sa_mask[0]=11111111011111110111111111111111, sa_flags=SA_RESTART|SA_SIGINFO
SIGTERM: [libjvm.dylib+0x488c49], sa_mask[0]=11111111011111110111111111111111, sa_flags=SA_RESTART|SA_SIGINFO
SIGQUIT: [libjvm.dylib+0x488c49], sa_mask[0]=11111111011111110111111111111111, sa_flags=SA_RESTART|SA_SIGINFO


---------------  S Y S T E M  ---------------

OS:Bsduname:Darwin 17.2.0 Darwin Kernel Version 17.2.0: Fri Sep 29 18:27:05 PDT 2017; root:xnu-4570.20.62~3/RELEASE_X86_64 x86_64
rlimit: STACK 8192k, CORE 0k, NPROC 709, NOFILE 10240, AS infinity
load average:2.71 2.54 2.22

CPU:total 4 (initial active 4) (2 cores per cpu, 2 threads per core) family 6 model 78 stepping 3, cmov, cx8, fxsr, mmx, sse, sse2, sse3, ssse3, sse4.1, sse4.2, popcnt, avx, avx2, aes, clmul, erms, rtm, 3dnowpref, lzcnt, ht, tsc, tscinvbit, bmi1, bmi2, adx

Memory: 4k page, physical 8388608k(50096k free)

/proc/meminfo:


vm_info: Java HotSpot(TM) 64-Bit Server VM (25.152-b16) for bsd-amd64 JRE (1.8.0_152-b16), built on Sep 14 2017 02:31:13 by "java_re" with gcc 4.2.1 (Based on Apple Inc. build 5658) (LLVM build 2336.11.00)

time: Tue Dec 19 19:12:25 2017
elapsed time: 60 seconds (0d 0h 1m 0s)

