#
# A fatal error has been detected by the Java Runtime Environment:
#
#  SIGSEGV (0xb) at pc=0x00007fff34892e48, pid=859, tid=0x0000000000000307
#
# JRE version: Java(TM) SE Runtime Environment (8.0_152-b16) (build 1.8.0_152-b16)
# Java VM: Java HotSpot(TM) 64-Bit Server VM (25.152-b16 mixed mode bsd-amd64 compressed oops)
# Problematic frame:
# C  [JavaNativeFoundation+0x6e48]  -[JNFWeakJObjectWrapper _getWithEnv:]+0x20
#
# Failed to write core dump. Core dumps have been disabled. To enable core dumping, try "ulimit -c unlimited" before starting Java again
#
# If you would like to submit a bug report, please visit:
#   http://bugreport.java.com/bugreport/crash.jsp
#

---------------  T H R E A D  ---------------

Current thread is native thread

siginfo: si_signo: 11 (SIGSEGV), si_code: 1 (SEGV_MAPERR), si_addr: 0x0000000400000727

Registers:
RAX=0x00007fc5a01c79f8, RBX=0x00007fc59ee89890, RCX=0x0000000400000667, RDX=0x0000000000000000
RSP=0x00007ffee5eeea30, RBP=0x00007ffee5eeea40, RSI=0x00007fc59ec2dc20, RDI=0x00007fc5a01c79f8
R8 =0x0000000000000000, R9 =0x0000000000000000, R10=0x00007fff8ba79ed8, R11=0x00007fc59ee92b80
R12=0x00007fc5a01c79f8, R13=0x00007fc5a16006e0, R14=0x0000000000000008, R15=0x00007fc59ec981c0
RIP=0x00007fff34892e48, EFLAGS=0x0000000000010246, ERR=0x0000000000000004
  TRAPNO=0x000000000000000e

Top of Stack: (sp=0x00007ffee5eeea30)
0x00007ffee5eeea30:   00007fc5a01c79f8 00007fc5a0a7ca00
0x00007ffee5eeea40:   00007ffee5eeea60 00007fff34892c5b
0x00007ffee5eeea50:   00007fc59ee89800 00007fc59ec7cb40
0x00007ffee5eeea60:   00007ffee5eeeac0 0000000125ef3e73
0x00007ffee5eeea70:   00007fff2efe770a 0000000000000000
0x00007ffee5eeea80:   40a0e9d98896f912 00007fc5a0a7ca00
0x00007ffee5eeea90:   00007ffee5eeeac0 00007fff5771ce80
0x00007ffee5eeeaa0:   00007fc59ec981c0 00007fc5a16006e0
0x00007ffee5eeeab0:   00007fc59ecafbe0 00007fc5a0a7ca00
0x00007ffee5eeeac0:   00007ffee5eeeb70 00007fff3be72622
0x00007ffee5eeead0:   00007fc59ec981c0 0000000000000000
0x00007ffee5eeeae0:   0000000000000000 00007fc59ec981c0
0x00007ffee5eeeaf0:   0000000000000000 0000000000000000
0x00007ffee5eeeb00:   00007ffee5eeeb50 0000000000000004
0x00007ffee5eeeb10:   0000000000000000 40a0e9d98896f912
0x00007ffee5eeeb20:   0000000000000004 0000000000000000
0x00007ffee5eeeb30:   0000000000000000 00007ffee5eeeb50
0x00007ffee5eeeb40:   00007fc59ec981c0 00007fff5771ce80
0x00007ffee5eeeb50:   0000000000000004 0000000000000000
0x00007ffee5eeeb60:   00007fc59ec981c0 00007fff2efe770a
0x00007ffee5eeeb70:   00007ffee5eeebe0 00007fff3be71c83
0x00007ffee5eeeb80:   0000000000000000 0000000000000000
0x00007ffee5eeeb90:   4078000000000000 407b000000000000
0x00007ffee5eeeba0:   407b000000000000 4078000000000000
0x00007ffee5eeebb0:   4000000000000000 00007ffee5eeecb0
0x00007ffee5eeebc0:   00007fff5771ce80 0000000000000000
0x00007ffee5eeebd0:   00007fff2efe9705 00007fc5a1400e80
0x00007ffee5eeebe0:   00007ffee5eefcb0 00007fff3be12a61
0x00007ffee5eeebf0:   00007ffee5eefcb0 00007fff3be12931
0x00007ffee5eeec00:   00007ffee5eeecb0 0000000000000000
0x00007ffee5eeec10:   0000000000000001 00007fc5a09b3000
0x00007ffee5eeec20:   00007ffee5eeec80 0000020000000100 

Instructions: (pc=0x00007fff34892e48)
0x00007fff34892e28:   55 48 89 e5 41 56 53 48 89 d0 48 89 fb 48 8b 08
0x00007fff34892e38:   4c 8b 35 21 6d 1e 57 4a 8b 34 33 31 d2 48 89 c7
0x00007fff34892e48:   ff 91 c0 00 00 00 3c 01 75 0c 4a c7 04 33 00 00
0x00007fff34892e58:   00 00 31 c0 eb 04 4a 8b 04 33 5b 41 5e 5d c3 55 

Register to memory mapping:

RAX=0x00007fc5a01c79f8 is an unknown value
RBX=0x00007fc59ee89890 is an unknown value
RCX=0x0000000400000667 is an unknown value
RDX=0x0000000000000000 is an unknown value
RSP=0x00007ffee5eeea30 is an unknown value
RBP=0x00007ffee5eeea40 is an unknown value
RSI=0x00007fc59ec2dc20 is a weak global jni handle
RDI=0x00007fc5a01c79f8 is an unknown value
R8 =0x0000000000000000 is an unknown value
R9 =0x0000000000000000 is an unknown value
R10=0x00007fff8ba79ed8: OBJC_CLASS_$_JNFWeakJObjectWrapper+0 in /System/Library/Frameworks/JavaVM.framework/Versions/A/Frameworks/JavaNativeFoundation.framework/Versions/A/JavaNativeFoundation at 0x00007fff3488c000
R11=0x00007fc59ee92b80 is an unknown value
R12=0x00007fc5a01c79f8 is an unknown value
R13=0x00007fc5a16006e0 is an unknown value
R14=0x0000000000000008 is an unknown value
R15=0x00007fc59ec981c0 is an unknown value


Stack: [0x00007ffee56f3000,0x00007ffee5ef3000],  sp=0x00007ffee5eeea30,  free space=8174k
Native frames: (J=compiled Java code, j=interpreted, Vv=VM code, C=native code)
C  [JavaNativeFoundation+0x6e48]  -[JNFWeakJObjectWrapper _getWithEnv:]+0x20
C  [JavaNativeFoundation+0x6c5b]  -[JNFJObjectWrapper jObjectWithEnv:]+0x16
C  [libawt_lwawt.dylib+0x1ae73]  -[CGLLayer drawInCGLContext:pixelFormat:forLayerTime:displayTime:]+0xa4
C  [QuartzCore+0x71622]  _ZL17CAOpenGLLayerDrawP13CAOpenGLLayerdPK11CVTimeStampj+0x7a7
C  [QuartzCore+0x70c83]  -[CAOpenGLLayer _display]+0x235
C  [QuartzCore+0x11a61]  _ZN2CA5Layer17display_if_neededEPNS_11TransactionE+0x279
C  [QuartzCore+0x1150f]  _ZN2CA5Layer28layout_and_display_if_neededEPNS_11TransactionE+0x23
C  [QuartzCore+0x10641]  _ZN2CA7Context18commit_transactionEPNS_11TransactionE+0x13f
C  [QuartzCore+0x101f5]  _ZN2CA11Transaction6commitEv+0x1e7
C  [QuartzCore+0x1bb3a]  _ZN2CA11Transaction17observer_callbackEP19__CFRunLoopObservermPv+0x42
C  [CoreFoundation+0xa3227]  __CFRUNLOOP_IS_CALLING_OUT_TO_AN_OBSERVER_CALLBACK_FUNCTION__+0x17
C  [CoreFoundation+0xa314f]  __CFRunLoopDoObservers+0x20f
C  [CoreFoundation+0x85870]  __CFRunLoopRun+0x640
C  [CoreFoundation+0x84fa3]  CFRunLoopRunSpecific+0x1e3
C  [java+0x647a]  CreateExecutionEnvironment+0x367
C  [java+0x212c]  JLI_Launch+0x7a0
C  [java+0x84d7]  main+0x65
C  [java+0x1984]  start+0x34


---------------  P R O C E S S  ---------------

VM state:not at safepoint (normal execution)

VM Mutex/Monitor currently owned by a thread: None

Heap:
 PSYoungGen      total 67072K, used 42893K [0x0000000795580000, 0x000000079a080000, 0x00000007c0000000)
  eden space 61952K, 60% used [0x0000000795580000,0x0000000797a63fd8,0x0000000799200000)
  from space 5120K, 99% used [0x0000000799b80000,0x000000079a07f650,0x000000079a080000)
  to   space 5120K, 0% used [0x0000000799680000,0x0000000799680000,0x0000000799b80000)
 ParOldGen       total 58880K, used 21747K [0x0000000740000000, 0x0000000743980000, 0x0000000795580000)
  object space 58880K, 36% used [0x0000000740000000,0x000000074153cf80,0x0000000743980000)
 Metaspace       used 22703K, capacity 23518K, committed 23600K, reserved 1069056K
  class space    used 3144K, capacity 3345K, committed 3376K, reserved 1048576K

Card table byte_map: [0x000000010b9c0000,0x000000010bdc1000] byte_map_base: 0x0000000107fc0000

Marking Bits: (ParMarkBitMap*) 0x000000010a63c6c0
 Begin Bits: [0x000000011d60b000, 0x000000011f60b000)
 End Bits:   [0x000000011f60b000, 0x000000012160b000)

Polling page: 0x000000010ad36000

CodeCache: size=245760Kb used=7059Kb max_used=7070Kb free=238700Kb
 bounds [0x000000010e60b000, 0x000000010ecfb000, 0x000000011d60b000]
 total_blobs=3004 nmethods=2191 adapters=726
 compilation: enabled

Compilation events (10 events):
Event: 91.629 Thread 0x00007fc5a0008800 nmethod 2304 0x000000010ece7610 code [0x000000010ece7760, 0x000000010ece7850]
Event: 91.629 Thread 0x00007fc5a0008800 2305       1       java.net.JarURLConnection::getJarFileURL (5 bytes)
Event: 91.629 Thread 0x00007fc5a0008800 nmethod 2305 0x000000010ece7350 code [0x000000010ece74a0, 0x000000010ece75b0]
Event: 91.629 Thread 0x00007fc5a0008800 2306       1       javax.sound.sampled.Line$Info::getLineClass (5 bytes)
Event: 91.629 Thread 0x00007fc5a0008800 nmethod 2306 0x000000010ece7090 code [0x000000010ece71e0, 0x000000010ece72f0]
Event: 91.633 Thread 0x00007fc5a0008800 2307       3       sun.java2d.pipe.DrawImage::copyImage (60 bytes)
Event: 91.633 Thread 0x00007fc5a0008800 nmethod 2307 0x000000010ecf6150 code [0x000000010ecf6320, 0x000000010ecf6c08]
Event: 91.634 Thread 0x00007fc59f024000 nmethod 2298% 0x000000010ecf5990 code [0x000000010ecf5b20, 0x000000010ecf5ed8]
Event: 91.634 Thread 0x00007fc59f024000 2302       4       java.lang.String::codePointAt (36 bytes)
Event: 91.635 Thread 0x00007fc59f024000 nmethod 2302 0x000000010ece6c90 code [0x000000010ece6de0, 0x000000010ece6ed8]

GC Heap History (10 events):
Event: 2.866 GC heap before
{Heap before GC invocations=1 (full 0):
 PSYoungGen      total 38400K, used 29300K [0x0000000795580000, 0x0000000798000000, 0x00000007c0000000)
  eden space 33280K, 88% used [0x0000000795580000,0x000000079721d328,0x0000000797600000)
  from space 5120K, 0% used [0x0000000797b00000,0x0000000797b00000,0x0000000798000000)
  to   space 5120K, 0% used [0x0000000797600000,0x0000000797600000,0x0000000797b00000)
 ParOldGen       total 87552K, used 0K [0x0000000740000000, 0x0000000745580000, 0x0000000795580000)
  object space 87552K, 0% used [0x0000000740000000,0x0000000740000000,0x0000000745580000)
 Metaspace       used 12641K, capacity 13048K, committed 13184K, reserved 1060864K
  class space    used 1535K, capacity 1650K, committed 1664K, reserved 1048576K
Event: 2.871 GC heap after
Heap after GC invocations=1 (full 0):
 PSYoungGen      total 38400K, used 2723K [0x0000000795580000, 0x0000000798000000, 0x00000007c0000000)
  eden space 33280K, 0% used [0x0000000795580000,0x0000000795580000,0x0000000797600000)
  from space 5120K, 53% used [0x0000000797600000,0x00000007978a8cd0,0x0000000797b00000)
  to   space 5120K, 0% used [0x0000000797b00000,0x0000000797b00000,0x0000000798000000)
 ParOldGen       total 87552K, used 4008K [0x0000000740000000, 0x0000000745580000, 0x0000000795580000)
  object space 87552K, 4% used [0x0000000740000000,0x00000007403ea018,0x0000000745580000)
 Metaspace       used 12641K, capacity 13048K, committed 13184K, reserved 1060864K
  class space    used 1535K, capacity 1650K, committed 1664K, reserved 1048576K
}
Event: 5.836 GC heap before
{Heap before GC invocations=2 (full 0):
 PSYoungGen      total 38400K, used 36003K [0x0000000795580000, 0x0000000798000000, 0x00000007c0000000)
  eden space 33280K, 100% used [0x0000000795580000,0x0000000797600000,0x0000000797600000)
  from space 5120K, 53% used [0x0000000797600000,0x00000007978a8cd0,0x0000000797b00000)
  to   space 5120K, 0% used [0x0000000797b00000,0x0000000797b00000,0x0000000798000000)
 ParOldGen       total 87552K, used 4008K [0x0000000740000000, 0x0000000745580000, 0x0000000795580000)
  object space 87552K, 4% used [0x0000000740000000,0x00000007403ea018,0x0000000745580000)
 Metaspace       used 19813K, capacity 20480K, committed 20608K, reserved 1067008K
  class space    used 2698K, capacity 2890K, committed 2944K, reserved 1048576K
Event: 5.844 GC heap after
Heap after GC invocations=2 (full 0):
 PSYoungGen      total 38400K, used 5105K [0x0000000795580000, 0x0000000798000000, 0x00000007c0000000)
  eden space 33280K, 0% used [0x0000000795580000,0x0000000795580000,0x0000000797600000)
  from space 5120K, 99% used [0x0000000797b00000,0x0000000797ffc7a8,0x0000000798000000)
  to   space 5120K, 0% used [0x0000000797600000,0x0000000797600000,0x0000000797b00000)
 ParOldGen       total 87552K, used 11262K [0x0000000740000000, 0x0000000745580000, 0x0000000795580000)
  object space 87552K, 12% used [0x0000000740000000,0x0000000740affb80,0x0000000745580000)
 Metaspace       used 19813K, capacity 20480K, committed 20608K, reserved 1067008K
  class space    used 2698K, capacity 2890K, committed 2944K, reserved 1048576K
}
Event: 5.883 GC heap before
{Heap before GC invocations=3 (full 0):
 PSYoungGen      total 38400K, used 7362K [0x0000000795580000, 0x0000000798000000, 0x00000007c0000000)
  eden space 33280K, 6% used [0x0000000795580000,0x00000007957b4120,0x0000000797600000)
  from space 5120K, 99% used [0x0000000797b00000,0x0000000797ffc7a8,0x0000000798000000)
  to   space 5120K, 0% used [0x0000000797600000,0x0000000797600000,0x0000000797b00000)
 ParOldGen       total 87552K, used 11262K [0x0000000740000000, 0x0000000745580000, 0x0000000795580000)
  object space 87552K, 12% used [0x0000000740000000,0x0000000740affb80,0x0000000745580000)
 Metaspace       used 20580K, capacity 21238K, committed 21296K, reserved 1067008K
  class space    used 2904K, capacity 3091K, committed 3120K, reserved 1048576K
Event: 5.888 GC heap after
Heap after GC invocations=3 (full 0):
 PSYoungGen      total 38400K, used 5105K [0x0000000795580000, 0x000000079a080000, 0x00000007c0000000)
  eden space 33280K, 0% used [0x0000000795580000,0x0000000795580000,0x0000000797600000)
  from space 5120K, 99% used [0x0000000797600000,0x0000000797afc7a8,0x0000000797b00000)
  to   space 5120K, 0% used [0x0000000799b80000,0x0000000799b80000,0x000000079a080000)
 ParOldGen       total 87552K, used 11342K [0x0000000740000000, 0x0000000745580000, 0x0000000795580000)
  object space 87552K, 12% used [0x0000000740000000,0x0000000740b13b80,0x0000000745580000)
 Metaspace       used 20580K, capacity 21238K, committed 21296K, reserved 1067008K
  class space    used 2904K, capacity 3091K, committed 3120K, reserved 1048576K
}
Event: 5.888 GC heap before
{Heap before GC invocations=4 (full 1):
 PSYoungGen      total 38400K, used 5105K [0x0000000795580000, 0x000000079a080000, 0x00000007c0000000)
  eden space 33280K, 0% used [0x0000000795580000,0x0000000795580000,0x0000000797600000)
  from space 5120K, 99% used [0x0000000797600000,0x0000000797afc7a8,0x0000000797b00000)
  to   space 5120K, 0% used [0x0000000799b80000,0x0000000799b80000,0x000000079a080000)
 ParOldGen       total 87552K, used 11342K [0x0000000740000000, 0x0000000745580000, 0x0000000795580000)
  object space 87552K, 12% used [0x0000000740000000,0x0000000740b13b80,0x0000000745580000)
 Metaspace       used 20580K, capacity 21238K, committed 21296K, reserved 1067008K
  class space    used 2904K, capacity 3091K, committed 3120K, reserved 1048576K
Event: 5.915 GC heap after
Heap after GC invocations=4 (full 1):
 PSYoungGen      total 38400K, used 0K [0x0000000795580000, 0x000000079a080000, 0x00000007c0000000)
  eden space 33280K, 0% used [0x0000000795580000,0x0000000795580000,0x0000000797600000)
  from space 5120K, 0% used [0x0000000797600000,0x0000000797600000,0x0000000797b00000)
  to   space 5120K, 0% used [0x0000000799b80000,0x0000000799b80000,0x000000079a080000)
 ParOldGen       total 58880K, used 12307K [0x0000000740000000, 0x0000000743980000, 0x0000000795580000)
  object space 58880K, 20% used [0x0000000740000000,0x0000000740c04f78,0x0000000743980000)
 Metaspace       used 20580K, capacity 21238K, committed 21296K, reserved 1067008K
  class space    used 2904K, capacity 3091K, committed 3120K, reserved 1048576K
}
Event: 91.457 GC heap before
{Heap before GC invocations=5 (full 1):
 PSYoungGen      total 38400K, used 33236K [0x0000000795580000, 0x000000079a080000, 0x00000007c0000000)
  eden space 33280K, 99% used [0x0000000795580000,0x00000007975f5088,0x0000000797600000)
  from space 5120K, 0% used [0x0000000797600000,0x0000000797600000,0x0000000797b00000)
  to   space 5120K, 0% used [0x0000000799b80000,0x0000000799b80000,0x000000079a080000)
 ParOldGen       total 58880K, used 12307K [0x0000000740000000, 0x0000000743980000, 0x0000000795580000)
  object space 58880K, 20% used [0x0000000740000000,0x0000000740c04f78,0x0000000743980000)
 Metaspace       used 22696K, capacity 23518K, committed 23600K, reserved 1069056K
  class space    used 3144K, capacity 3345K, committed 3376K, reserved 1048576K
Event: 91.464 GC heap after
Heap after GC invocations=5 (full 1):
 PSYoungGen      total 67072K, used 5117K [0x0000000795580000, 0x000000079a080000, 0x00000007c0000000)
  eden space 61952K, 0% used [0x0000000795580000,0x0000000795580000,0x0000000799200000)
  from space 5120K, 99% used [0x0000000799b80000,0x000000079a07f650,0x000000079a080000)
  to   space 5120K, 0% used [0x0000000799680000,0x0000000799680000,0x0000000799b80000)
 ParOldGen       total 58880K, used 21747K [0x0000000740000000, 0x0000000743980000, 0x0000000795580000)
  object space 58880K, 36% used [0x0000000740000000,0x000000074153cf80,0x0000000743980000)
 Metaspace       used 22696K, capacity 23518K, committed 23600K, reserved 1069056K
  class space    used 3144K, capacity 3345K, committed 3376K, reserved 1048576K
}

Deoptimization events (10 events):
Event: 91.066 Thread 0x00007fc59f9a2000 Uncommon trap: reason=class_check action=maybe_recompile pc=0x000000010ea54014 method=java.io.FilterInputStream.read()I @ 4
Event: 91.066 Thread 0x00007fc59f9a2000 Uncommon trap: reason=class_check action=maybe_recompile pc=0x000000010ea54014 method=java.io.FilterInputStream.read()I @ 4
Event: 91.067 Thread 0x00007fc59f9a2000 Uncommon trap: reason=class_check action=maybe_recompile pc=0x000000010ea54014 method=java.io.FilterInputStream.read()I @ 4
Event: 91.067 Thread 0x00007fc59f9a2000 Uncommon trap: reason=class_check action=maybe_recompile pc=0x000000010ea54014 method=java.io.FilterInputStream.read()I @ 4
Event: 91.188 Thread 0x00007fc59f9a2000 Uncommon trap: reason=unstable_if action=reinterpret pc=0x000000010e785d84 method=javazoom.jl.decoder.BitReserve.hgetbits(I)I @ 22
Event: 91.467 Thread 0x00007fc59f9a2000 Uncommon trap: reason=unstable_if action=reinterpret pc=0x000000010e9157dc method=sun.nio.cs.UTF_8$Decoder.decode([BII[C)I @ 30
Event: 91.470 Thread 0x00007fc59f9a2000 Uncommon trap: reason=unstable_if action=reinterpret pc=0x000000010e7b684c method=javazoom.jl.decoder.Obuffer.clip(F)S @ 4
Event: 91.470 Thread 0x00007fc59f9a2000 Uncommon trap: reason=unstable_if action=reinterpret pc=0x000000010eca3298 method=javazoom.jl.decoder.Obuffer.clip(F)S @ 4
Event: 91.470 Thread 0x00007fc59f9a2000 Uncommon trap: reason=unstable_if action=reinterpret pc=0x000000010e905b48 method=javazoom.jl.decoder.Obuffer.clip(F)S @ 17
Event: 91.470 Thread 0x00007fc59f9a2000 Uncommon trap: reason=unstable_if action=reinterpret pc=0x000000010e846598 method=javazoom.jl.decoder.Obuffer.clip(F)S @ 17

Classes redefined (0 events):
No events

Internal exceptions (10 events):
Event: 5.368 Thread 0x00007fc5a01c7800 Exception <a 'java/lang/ArrayIndexOutOfBoundsException': 58> (0x00000007961499d0) thrown at [/Users/java_re/workspace/8-2-build-macosx-x86_64/jdk8u152/9742/hotspot/src/share/vm/interpreter/interpreterRuntime.cpp, line 366]
Event: 5.368 Thread 0x00007fc5a01c7800 Exception <a 'java/lang/ArrayIndexOutOfBoundsException': 18> (0x000000079614a670) thrown at [/Users/java_re/workspace/8-2-build-macosx-x86_64/jdk8u152/9742/hotspot/src/share/vm/interpreter/interpreterRuntime.cpp, line 366]
Event: 5.369 Thread 0x00007fc5a01c7800 Exception <a 'java/lang/ArrayIndexOutOfBoundsException': 86> (0x000000079614ba18) thrown at [/Users/java_re/workspace/8-2-build-macosx-x86_64/jdk8u152/9742/hotspot/src/share/vm/interpreter/interpreterRuntime.cpp, line 366]
Event: 5.473 Thread 0x00007fc5a01c7800 Exception <a 'java/io/FileNotFoundException'> (0x0000000796c00698) thrown at [/Users/java_re/workspace/8-2-build-macosx-x86_64/jdk8u152/9742/hotspot/src/share/vm/prims/jni.cpp, line 709]
Event: 5.476 Thread 0x00007fc5a01c7800 Exception <a 'java/io/FileNotFoundException'> (0x0000000796c397f8) thrown at [/Users/java_re/workspace/8-2-build-macosx-x86_64/jdk8u152/9742/hotspot/src/share/vm/prims/jni.cpp, line 709]
Event: 5.480 Thread 0x00007fc5a01c7800 Exception <a 'java/io/FileNotFoundException'> (0x0000000796c861a8) thrown at [/Users/java_re/workspace/8-2-build-macosx-x86_64/jdk8u152/9742/hotspot/src/share/vm/prims/jni.cpp, line 709]
Event: 5.482 Thread 0x00007fc5a01c7800 Exception <a 'java/io/FileNotFoundException'> (0x0000000796cbf6f0) thrown at [/Users/java_re/workspace/8-2-build-macosx-x86_64/jdk8u152/9742/hotspot/src/share/vm/prims/jni.cpp, line 709]
Event: 5.488 Thread 0x00007fc5a01c7800 Exception <a 'java/io/FileNotFoundException'> (0x0000000796d0a750) thrown at [/Users/java_re/workspace/8-2-build-macosx-x86_64/jdk8u152/9742/hotspot/src/share/vm/prims/jni.cpp, line 709]
Event: 5.496 Thread 0x00007fc5a01c7800 Exception <a 'java/io/FileNotFoundException'> (0x0000000796d7daa8) thrown at [/Users/java_re/workspace/8-2-build-macosx-x86_64/jdk8u152/9742/hotspot/src/share/vm/prims/jni.cpp, line 709]
Event: 5.504 Thread 0x00007fc5a01c7800 Exception <a 'java/io/FileNotFoundException'> (0x0000000796dc23e0) thrown at [/Users/java_re/workspace/8-2-build-macosx-x86_64/jdk8u152/9742/hotspot/src/share/vm/prims/jni.cpp, line 709]

Events (10 events):
Event: 91.470 Thread 0x00007fc59f9a2000 DEOPT UNPACKING pc=0x000000010e610229 sp=0x000070000e63ef60 mode 2
Event: 91.470 Thread 0x00007fc59f9a2000 Uncommon trap: trap_request=0xffffff65 fr.pc=0x000000010e846598
Event: 91.470 Thread 0x00007fc59f9a2000 DEOPT PACKING pc=0x000000010e846598 sp=0x000070000e63ef90
Event: 91.470 Thread 0x00007fc59f9a2000 DEOPT UNPACKING pc=0x000000010e610229 sp=0x000070000e63ef58 mode 2
Event: 91.475 Thread 0x00007fc59f9a2000 DEOPT PACKING pc=0x000000010e8c84a3 sp=0x000070000e63f0d0
Event: 91.475 Thread 0x00007fc59f9a2000 DEOPT UNPACKING pc=0x000000010e652633 sp=0x000070000e63ede0 mode 0
Event: 91.614 Thread 0x00007fc5a0119800 Thread added: 0x00007fc5a0119800
Event: 91.620 Thread 0x00007fc5a011c000 Thread added: 0x00007fc5a011c000
Event: 91.626 Thread 0x00007fc59f25d000 Thread added: 0x00007fc59f25d000
Event: 91.632 Thread 0x00007fc59f276000 Thread added: 0x00007fc59f276000


Dynamic libraries:
0x0000000009691000 	/System/Library/Frameworks/Cocoa.framework/Versions/A/Cocoa
0x0000000009691000 	/System/Library/Frameworks/Security.framework/Versions/A/Security
0x0000000009691000 	/System/Library/Frameworks/ApplicationServices.framework/Versions/A/ApplicationServices
0x0000000009691000 	/usr/lib/libz.1.dylib
0x0000000009691000 	/usr/lib/libSystem.B.dylib
0x0000000009691000 	/usr/lib/libobjc.A.dylib
0x0000000009691000 	/System/Library/Frameworks/CoreFoundation.framework/Versions/A/CoreFoundation
0x0000000009691000 	/System/Library/Frameworks/Foundation.framework/Versions/C/Foundation
0x0000000009691000 	/System/Library/Frameworks/AppKit.framework/Versions/C/AppKit
0x0000000009691000 	/System/Library/Frameworks/CoreData.framework/Versions/A/CoreData
0x0000000009691000 	/System/Library/PrivateFrameworks/RemoteViewServices.framework/Versions/A/RemoteViewServices
0x0000000009691000 	/System/Library/PrivateFrameworks/UIFoundation.framework/Versions/A/UIFoundation
0x0000000009691000 	/System/Library/PrivateFrameworks/DFRFoundation.framework/Versions/A/DFRFoundation
0x0000000009691000 	/System/Library/Frameworks/Metal.framework/Versions/A/Metal
0x0000000009691000 	/System/Library/PrivateFrameworks/DesktopServicesPriv.framework/Versions/A/DesktopServicesPriv
0x0000000009691000 	/usr/lib/libenergytrace.dylib
0x0000000009691000 	/System/Library/PrivateFrameworks/SkyLight.framework/Versions/A/SkyLight
0x0000000009691000 	/System/Library/Frameworks/CoreGraphics.framework/Versions/A/CoreGraphics
0x0000000009691000 	/usr/lib/libScreenReader.dylib
0x0000000009691000 	/System/Library/Frameworks/Accelerate.framework/Versions/A/Accelerate
0x0000000009691000 	/System/Library/Frameworks/IOSurface.framework/Versions/A/IOSurface
0x0000000009691000 	/System/Library/Frameworks/AudioToolbox.framework/Versions/A/AudioToolbox
0x0000000009691000 	/System/Library/Frameworks/AudioUnit.framework/Versions/A/AudioUnit
0x0000000009691000 	/System/Library/PrivateFrameworks/DataDetectorsCore.framework/Versions/A/DataDetectorsCore
0x0000000009691000 	/System/Library/Frameworks/Carbon.framework/Versions/A/Frameworks/HIToolbox.framework/Versions/A/HIToolbox
0x0000000009691000 	/usr/lib/libicucore.A.dylib
0x0000000009691000 	/System/Library/Frameworks/QuartzCore.framework/Versions/A/QuartzCore
0x0000000009691000 	/System/Library/Frameworks/Carbon.framework/Versions/A/Frameworks/SpeechRecognition.framework/Versions/A/SpeechRecognition
0x0000000009691000 	/usr/lib/libauto.dylib
0x0000000009691000 	/usr/lib/libxml2.2.dylib
0x0000000009691000 	/System/Library/PrivateFrameworks/CoreUI.framework/Versions/A/CoreUI
0x0000000009691000 	/System/Library/Frameworks/CoreAudio.framework/Versions/A/CoreAudio
0x0000000009691000 	/System/Library/Frameworks/DiskArbitration.framework/Versions/A/DiskArbitration
0x0000000009691000 	/usr/lib/liblangid.dylib
0x0000000009691000 	/System/Library/PrivateFrameworks/MultitouchSupport.framework/Versions/A/MultitouchSupport
0x0000000009691000 	/System/Library/Frameworks/IOKit.framework/Versions/A/IOKit
0x0000000009691000 	/usr/lib/libDiagnosticMessagesClient.dylib
0x0000000009691000 	/System/Library/Frameworks/CoreServices.framework/Versions/A/CoreServices
0x0000000009691000 	/System/Library/PrivateFrameworks/PerformanceAnalysis.framework/Versions/A/PerformanceAnalysis
0x0000000009691000 	/System/Library/Frameworks/OpenGL.framework/Versions/A/OpenGL
0x0000000009691000 	/System/Library/Frameworks/ColorSync.framework/Versions/A/ColorSync
0x0000000009691000 	/System/Library/Frameworks/CoreImage.framework/Versions/A/CoreImage
0x0000000009691000 	/System/Library/Frameworks/CoreText.framework/Versions/A/CoreText
0x0000000009691000 	/System/Library/Frameworks/ImageIO.framework/Versions/A/ImageIO
0x0000000009691000 	/System/Library/PrivateFrameworks/Backup.framework/Versions/A/Backup
0x0000000009691000 	/usr/lib/libarchive.2.dylib
0x0000000009691000 	/System/Library/Frameworks/CFNetwork.framework/Versions/A/CFNetwork
0x0000000009691000 	/System/Library/Frameworks/SystemConfiguration.framework/Versions/A/SystemConfiguration
0x0000000009691000 	/usr/lib/libCRFSuite.dylib
0x0000000009691000 	/usr/lib/libc++.1.dylib
0x0000000009691000 	/usr/lib/libc++abi.dylib
0x0000000009691000 	/usr/lib/system/libcache.dylib
0x0000000009691000 	/usr/lib/system/libcommonCrypto.dylib
0x0000000009691000 	/usr/lib/system/libcompiler_rt.dylib
0x0000000009691000 	/usr/lib/system/libcopyfile.dylib
0x0000000009691000 	/usr/lib/system/libcorecrypto.dylib
0x0000000009691000 	/usr/lib/system/libdispatch.dylib
0x0000000009691000 	/usr/lib/system/libdyld.dylib
0x0000000009691000 	/usr/lib/system/libkeymgr.dylib
0x0000000009691000 	/usr/lib/system/liblaunch.dylib
0x0000000009691000 	/usr/lib/system/libmacho.dylib
0x0000000009691000 	/usr/lib/system/libquarantine.dylib
0x0000000009691000 	/usr/lib/system/libremovefile.dylib
0x0000000009691000 	/usr/lib/system/libsystem_asl.dylib
0x0000000009691000 	/usr/lib/system/libsystem_blocks.dylib
0x0000000009691000 	/usr/lib/system/libsystem_c.dylib
0x0000000009691000 	/usr/lib/system/libsystem_configuration.dylib
0x0000000009691000 	/usr/lib/system/libsystem_coreservices.dylib
0x0000000009691000 	/usr/lib/system/libsystem_darwin.dylib
0x0000000009691000 	/usr/lib/system/libsystem_dnssd.dylib
0x0000000009691000 	/usr/lib/system/libsystem_info.dylib
0x0000000009691000 	/usr/lib/system/libsystem_m.dylib
0x0000000009691000 	/usr/lib/system/libsystem_malloc.dylib
0x0000000009691000 	/usr/lib/system/libsystem_network.dylib
0x0000000009691000 	/usr/lib/system/libsystem_networkextension.dylib
0x0000000009691000 	/usr/lib/system/libsystem_notify.dylib
0x0000000009691000 	/usr/lib/system/libsystem_sandbox.dylib
0x0000000009691000 	/usr/lib/system/libsystem_secinit.dylib
0x0000000009691000 	/usr/lib/system/libsystem_kernel.dylib
0x0000000009691000 	/usr/lib/system/libsystem_platform.dylib
0x0000000009691000 	/usr/lib/system/libsystem_pthread.dylib
0x0000000009691000 	/usr/lib/system/libsystem_symptoms.dylib
0x0000000009691000 	/usr/lib/system/libsystem_trace.dylib
0x0000000009691000 	/usr/lib/system/libunwind.dylib
0x0000000009691000 	/usr/lib/system/libxpc.dylib
0x0000000009691000 	/usr/lib/closure/libclosured.dylib
0x0000000009691000 	/usr/lib/libbsm.0.dylib
0x0000000009691000 	/usr/lib/system/libkxld.dylib
0x0000000009691000 	/usr/lib/libOpenScriptingUtil.dylib
0x0000000009691000 	/usr/lib/libcoretls.dylib
0x0000000009691000 	/usr/lib/libcoretls_cfhelpers.dylib
0x0000000009691000 	/usr/lib/libpam.2.dylib
0x0000000009691000 	/usr/lib/libsqlite3.dylib
0x0000000009691000 	/usr/lib/libxar.1.dylib
0x0000000009691000 	/usr/lib/libbz2.1.0.dylib
0x0000000009691000 	/usr/lib/liblzma.5.dylib
0x0000000009691000 	/usr/lib/libnetwork.dylib
0x0000000009691000 	/usr/lib/libapple_nghttp2.dylib
0x0000000009691000 	/usr/lib/libpcap.A.dylib
0x0000000009691000 	/usr/lib/libboringssl.dylib
0x0000000009691000 	/usr/lib/libusrtcp.dylib
0x0000000009691000 	/usr/lib/libapple_crypto.dylib
0x0000000009691000 	/System/Library/Frameworks/CoreServices.framework/Versions/A/Frameworks/FSEvents.framework/Versions/A/FSEvents
0x0000000009691000 	/System/Library/Frameworks/CoreServices.framework/Versions/A/Frameworks/CarbonCore.framework/Versions/A/CarbonCore
0x0000000009691000 	/System/Library/Frameworks/CoreServices.framework/Versions/A/Frameworks/Metadata.framework/Versions/A/Metadata
0x0000000009691000 	/System/Library/Frameworks/CoreServices.framework/Versions/A/Frameworks/OSServices.framework/Versions/A/OSServices
0x0000000009691000 	/System/Library/Frameworks/CoreServices.framework/Versions/A/Frameworks/SearchKit.framework/Versions/A/SearchKit
0x0000000009691000 	/System/Library/Frameworks/CoreServices.framework/Versions/A/Frameworks/AE.framework/Versions/A/AE
0x0000000009691000 	/System/Library/Frameworks/CoreServices.framework/Versions/A/Frameworks/LaunchServices.framework/Versions/A/LaunchServices
0x0000000009691000 	/System/Library/Frameworks/CoreServices.framework/Versions/A/Frameworks/DictionaryServices.framework/Versions/A/DictionaryServices
0x0000000009691000 	/System/Library/Frameworks/CoreServices.framework/Versions/A/Frameworks/SharedFileList.framework/Versions/A/SharedFileList
0x0000000009691000 	/System/Library/Frameworks/NetFS.framework/Versions/A/NetFS
0x0000000009691000 	/System/Library/PrivateFrameworks/NetAuth.framework/Versions/A/NetAuth
0x0000000009691000 	/System/Library/PrivateFrameworks/login.framework/Versions/A/Frameworks/loginsupport.framework/Versions/A/loginsupport
0x0000000009691000 	/System/Library/PrivateFrameworks/TCC.framework/Versions/A/TCC
0x0000000009691000 	/usr/lib/libmecabra.dylib
0x0000000009691000 	/System/Library/Frameworks/ApplicationServices.framework/Versions/A/Frameworks/ATS.framework/Versions/A/ATS
0x0000000009691000 	/System/Library/Frameworks/ApplicationServices.framework/Versions/A/Frameworks/ColorSyncLegacy.framework/Versions/A/ColorSyncLegacy
0x0000000009691000 	/System/Library/Frameworks/ApplicationServices.framework/Versions/A/Frameworks/HIServices.framework/Versions/A/HIServices
0x0000000009691000 	/System/Library/Frameworks/ApplicationServices.framework/Versions/A/Frameworks/LangAnalysis.framework/Versions/A/LangAnalysis
0x0000000009691000 	/System/Library/Frameworks/ApplicationServices.framework/Versions/A/Frameworks/PrintCore.framework/Versions/A/PrintCore
0x0000000009691000 	/System/Library/Frameworks/ApplicationServices.framework/Versions/A/Frameworks/QD.framework/Versions/A/QD
0x0000000009691000 	/System/Library/Frameworks/ApplicationServices.framework/Versions/A/Frameworks/SpeechSynthesis.framework/Versions/A/SpeechSynthesis
0x0000000009691000 	/System/Library/Frameworks/CoreDisplay.framework/Versions/A/CoreDisplay
0x0000000009691000 	/System/Library/Frameworks/Accelerate.framework/Versions/A/Frameworks/vImage.framework/Versions/A/vImage
0x0000000009691000 	/System/Library/Frameworks/Accelerate.framework/Versions/A/Frameworks/vecLib.framework/Versions/A/vecLib
0x0000000009691000 	/System/Library/Frameworks/Accelerate.framework/Versions/A/Frameworks/vecLib.framework/Versions/A/libvDSP.dylib
0x0000000009691000 	/System/Library/Frameworks/Accelerate.framework/Versions/A/Frameworks/vecLib.framework/Versions/A/libBNNS.dylib
0x0000000009691000 	/System/Library/Frameworks/Accelerate.framework/Versions/A/Frameworks/vecLib.framework/Versions/A/libQuadrature.dylib
0x0000000009691000 	/System/Library/Frameworks/Accelerate.framework/Versions/A/Frameworks/vecLib.framework/Versions/A/libvMisc.dylib
0x0000000009691000 	/System/Library/Frameworks/Accelerate.framework/Versions/A/Frameworks/vecLib.framework/Versions/A/libLAPACK.dylib
0x0000000009691000 	/System/Library/Frameworks/Accelerate.framework/Versions/A/Frameworks/vecLib.framework/Versions/A/libBLAS.dylib
0x0000000009691000 	/System/Library/Frameworks/Accelerate.framework/Versions/A/Frameworks/vecLib.framework/Versions/A/libLinearAlgebra.dylib
0x0000000009691000 	/System/Library/Frameworks/Accelerate.framework/Versions/A/Frameworks/vecLib.framework/Versions/A/libSparse.dylib
0x0000000009691000 	/System/Library/Frameworks/Accelerate.framework/Versions/A/Frameworks/vecLib.framework/Versions/A/libSparseBLAS.dylib
0x0000000009691000 	/System/Library/PrivateFrameworks/IOAccelerator.framework/Versions/A/IOAccelerator
0x0000000009691000 	/System/Library/PrivateFrameworks/IOPresentment.framework/Versions/A/IOPresentment
0x0000000009691000 	/System/Library/PrivateFrameworks/DSExternalDisplay.framework/Versions/A/DSExternalDisplay
0x0000000009691000 	/System/Library/Frameworks/OpenGL.framework/Versions/A/Libraries/libCoreFSCache.dylib
0x0000000009691000 	/System/Library/Frameworks/CoreVideo.framework/Versions/A/CoreVideo
0x0000000009691000 	/System/Library/PrivateFrameworks/GraphVisualizer.framework/Versions/A/GraphVisualizer
0x0000000009691000 	/System/Library/Frameworks/MetalPerformanceShaders.framework/Versions/A/MetalPerformanceShaders
0x0000000009691000 	/usr/lib/libFosl_dynamic.dylib
0x0000000009691000 	/System/Library/PrivateFrameworks/FaceCore.framework/Versions/A/FaceCore
0x0000000009691000 	/System/Library/Frameworks/OpenCL.framework/Versions/A/OpenCL
0x0000000009691000 	/usr/lib/libcompression.dylib
0x0000000009691000 	/System/Library/Frameworks/ApplicationServices.framework/Versions/A/Frameworks/ATS.framework/Versions/A/Resources/libFontParser.dylib
0x0000000009691000 	/System/Library/Frameworks/ApplicationServices.framework/Versions/A/Frameworks/ATS.framework/Versions/A/Resources/libFontRegistry.dylib
0x0000000009691000 	/System/Library/Frameworks/ImageIO.framework/Versions/A/Resources/libJPEG.dylib
0x0000000009691000 	/System/Library/Frameworks/ImageIO.framework/Versions/A/Resources/libTIFF.dylib
0x0000000009691000 	/System/Library/Frameworks/ImageIO.framework/Versions/A/Resources/libPng.dylib
0x0000000009691000 	/System/Library/Frameworks/ImageIO.framework/Versions/A/Resources/libGIF.dylib
0x0000000009691000 	/System/Library/Frameworks/ImageIO.framework/Versions/A/Resources/libJP2.dylib
0x0000000009691000 	/System/Library/Frameworks/ImageIO.framework/Versions/A/Resources/libRadiance.dylib
0x0000000009691000 	/System/Library/PrivateFrameworks/AppleJPEG.framework/Versions/A/AppleJPEG
0x0000000009691000 	/System/Library/PrivateFrameworks/MetalTools.framework/Versions/A/MetalTools
0x0000000009691000 	/System/Library/Frameworks/MetalPerformanceShaders.framework/Frameworks/MPSCore.framework/Versions/A/MPSCore
0x0000000009691000 	/System/Library/Frameworks/MetalPerformanceShaders.framework/Frameworks/MPSImage.framework/Versions/A/MPSImage
0x0000000009691000 	/System/Library/Frameworks/MetalPerformanceShaders.framework/Frameworks/MPSMatrix.framework/Versions/A/MPSMatrix
0x0000000009691000 	/System/Library/Frameworks/MetalPerformanceShaders.framework/Frameworks/MPSNeuralNetwork.framework/Versions/A/MPSNeuralNetwork
0x0000000009691000 	/System/Library/Frameworks/OpenGL.framework/Versions/A/Libraries/libGLU.dylib
0x0000000009691000 	/System/Library/Frameworks/OpenGL.framework/Versions/A/Libraries/libGFXShared.dylib
0x0000000009691000 	/System/Library/Frameworks/OpenGL.framework/Versions/A/Libraries/libGL.dylib
0x0000000009691000 	/System/Library/Frameworks/OpenGL.framework/Versions/A/Libraries/libGLImage.dylib
0x0000000009691000 	/System/Library/Frameworks/OpenGL.framework/Versions/A/Libraries/libCVMSPluginSupport.dylib
0x0000000009691000 	/System/Library/Frameworks/OpenGL.framework/Versions/A/Libraries/libCoreVMClient.dylib
0x0000000009691000 	/usr/lib/libcups.2.dylib
0x0000000009691000 	/System/Library/Frameworks/Kerberos.framework/Versions/A/Kerberos
0x0000000009691000 	/System/Library/Frameworks/GSS.framework/Versions/A/GSS
0x0000000009691000 	/usr/lib/libresolv.9.dylib
0x0000000009691000 	/usr/lib/libiconv.2.dylib
0x0000000009691000 	/System/Library/PrivateFrameworks/Heimdal.framework/Versions/A/Heimdal
0x0000000009691000 	/usr/lib/libheimdal-asn1.dylib
0x0000000009691000 	/System/Library/Frameworks/OpenDirectory.framework/Versions/A/OpenDirectory
0x0000000009691000 	/System/Library/PrivateFrameworks/CommonAuth.framework/Versions/A/CommonAuth
0x0000000009691000 	/System/Library/Frameworks/OpenDirectory.framework/Versions/A/Frameworks/CFOpenDirectory.framework/Versions/A/CFOpenDirectory
0x0000000009691000 	/System/Library/Frameworks/SecurityFoundation.framework/Versions/A/SecurityFoundation
0x0000000009691000 	/System/Library/PrivateFrameworks/APFS.framework/Versions/A/APFS
0x0000000009691000 	/usr/lib/libutil.dylib
0x0000000009691000 	/System/Library/PrivateFrameworks/AppleSauce.framework/Versions/A/AppleSauce
0x0000000009691000 	/System/Library/PrivateFrameworks/LinguisticData.framework/Versions/A/LinguisticData
0x0000000009691000 	/usr/lib/libmarisa.dylib
0x0000000009691000 	/System/Library/PrivateFrameworks/Lexicon.framework/Versions/A/Lexicon
0x0000000009691000 	/usr/lib/libChineseTokenizer.dylib
0x0000000009691000 	/usr/lib/libcmph.dylib
0x0000000009691000 	/System/Library/PrivateFrameworks/LanguageModeling.framework/Versions/A/LanguageModeling
0x0000000009691000 	/System/Library/PrivateFrameworks/CoreEmoji.framework/Versions/A/CoreEmoji
0x0000000009691000 	/System/Library/Frameworks/ServiceManagement.framework/Versions/A/ServiceManagement
0x0000000009691000 	/System/Library/PrivateFrameworks/BackgroundTaskManagement.framework/Versions/A/BackgroundTaskManagement
0x0000000009691000 	/usr/lib/libxslt.1.dylib
0x0000000009691000 	/System/Library/Frameworks/Carbon.framework/Versions/A/Frameworks/Ink.framework/Versions/A/Ink
0x0000000009691000 	/System/Library/PrivateFrameworks/TextureIO.framework/Versions/A/TextureIO
0x0000000009691000 	/usr/lib/libate.dylib
0x0000000009691000 	/System/Library/PrivateFrameworks/CrashReporterSupport.framework/Versions/A/CrashReporterSupport
0x0000000009691000 	/System/Library/PrivateFrameworks/Sharing.framework/Versions/A/Sharing
0x0000000009691000 	/System/Library/PrivateFrameworks/IconServices.framework/Versions/A/IconServices
0x0000000009691000 	/System/Library/PrivateFrameworks/ProtocolBuffer.framework/Versions/A/ProtocolBuffer
0x0000000009691000 	/System/Library/PrivateFrameworks/Apple80211.framework/Versions/A/Apple80211
0x0000000009691000 	/System/Library/Frameworks/CoreWLAN.framework/Versions/A/CoreWLAN
0x0000000009691000 	/System/Library/PrivateFrameworks/CoreUtils.framework/Versions/A/CoreUtils
0x0000000009691000 	/System/Library/Frameworks/IOBluetooth.framework/Versions/A/IOBluetooth
0x0000000009691000 	/System/Library/PrivateFrameworks/CoreWiFi.framework/Versions/A/CoreWiFi
0x0000000009691000 	/System/Library/Frameworks/CoreBluetooth.framework/Versions/A/CoreBluetooth
0x0000000009691000 	/System/Library/PrivateFrameworks/SignpostNotification.framework/Versions/A/SignpostNotification
0x0000000009691000 	/System/Library/PrivateFrameworks/DebugSymbols.framework/Versions/A/DebugSymbols
0x0000000009691000 	/System/Library/PrivateFrameworks/CoreSymbolication.framework/Versions/A/CoreSymbolication
0x0000000009691000 	/System/Library/PrivateFrameworks/Symbolication.framework/Versions/A/Symbolication
0x0000000009691000 	/System/Library/PrivateFrameworks/AppleFSCompression.framework/Versions/A/AppleFSCompression
0x0000000009691000 	/System/Library/PrivateFrameworks/SpeechRecognitionCore.framework/Versions/A/SpeechRecognitionCore
0x0000000109d46000 	/Library/Java/JavaVirtualMachines/jdk1.8.0_152.jdk/Contents/Home/jre/lib/server/libjvm.dylib
0x0000000009691000 	/usr/lib/libstdc++.6.0.9.dylib
0x000000010acf2000 	/Library/Java/JavaVirtualMachines/jdk1.8.0_152.jdk/Contents/Home/jre/lib/libverify.dylib
0x000000010ad00000 	/Library/Java/JavaVirtualMachines/jdk1.8.0_152.jdk/Contents/Home/jre/lib/libjava.dylib
0x000000010ad80000 	/Library/Java/JavaVirtualMachines/jdk1.8.0_152.jdk/Contents/Home/jre/lib/libzip.dylib
0x000000010dfed000 	/Library/Java/JavaVirtualMachines/jdk1.8.0_152.jdk/Contents/Home/jre/lib/libprism_es2.dylib
0x0000000009691000 	/System/Library/PrivateFrameworks/CoreServicesInternal.framework/Versions/A/CoreServicesInternal
0x0000000009691000 	/System/Library/Frameworks/OpenGL.framework/Versions/A/Resources/GLEngine.bundle/GLEngine
0x0000000009691000 	/System/Library/Frameworks/OpenGL.framework/Versions/A/Libraries/libGLProgrammability.dylib
0x0000000122f8f000 	/System/Library/Extensions/AppleIntelSKLGraphicsGLDriver.bundle/Contents/MacOS/AppleIntelSKLGraphicsGLDriver
0x0000000009691000 	/System/Library/PrivateFrameworks/GPUSupport.framework/Versions/A/Libraries/libGPUSupportMercury.dylib
0x0000000009691000 	/System/Library/Frameworks/OpenGL.framework/Versions/A/Resources/GLRendererFloat.bundle/GLRendererFloat
0x0000000009691000 	/System/Library/Frameworks/OpenCL.framework/Versions/A/Libraries/libcldcpuengine.dylib
0x0000000009691000 	/usr/lib/libcrypto.35.dylib
0x0000000009691000 	/System/Library/PrivateFrameworks/TrustEvaluationAgent.framework/Versions/A/TrustEvaluationAgent
0x000000010e486000 	/Library/Java/JavaVirtualMachines/jdk1.8.0_152.jdk/Contents/Home/jre/lib/libglass.dylib
0x0000000009691000 	/System/Library/CoreServices/RawCamera.bundle/Contents/MacOS/RawCamera
0x0000000009691000 	/System/Library/PrivateFrameworks/MobileAsset.framework/Versions/A/MobileAsset
0x0000000009691000 	/System/Library/PrivateFrameworks/StreamingZip.framework/Versions/A/StreamingZip
0x0000000009691000 	/System/Library/Frameworks/MediaToolbox.framework/Versions/A/MediaToolbox
0x0000000009691000 	/System/Library/PrivateFrameworks/CoreAVCHD.framework/Versions/A/CoreAVCHD
0x0000000009691000 	/System/Library/Frameworks/MediaAccessibility.framework/Versions/A/MediaAccessibility
0x0000000009691000 	/System/Library/PrivateFrameworks/Mangrove.framework/Versions/A/Mangrove
0x0000000009691000 	/System/Library/Frameworks/CoreMedia.framework/Versions/A/CoreMedia
0x0000000009691000 	/System/Library/Frameworks/VideoToolbox.framework/Versions/A/VideoToolbox
0x0000000009691000 	/System/Library/PrivateFrameworks/CoreAUC.framework/Versions/A/CoreAUC
0x0000000009691000 	/usr/lib/libspindump.dylib
0x0000000009691000 	/usr/lib/libdscsym.dylib
0x0000000009691000 	/System/Library/PrivateFrameworks/AppleVA.framework/Versions/A/AppleVA
0x0000000009691000 	/System/Library/Frameworks/Accelerate.framework/Versions/A/Frameworks/vImage.framework/Versions/A/Libraries/libCGInterfaces.dylib
0x0000000009691000 	/System/Library/PrivateFrameworks/FamilyControls.framework/Versions/A/FamilyControls
0x0000000009691000 	/System/Library/PrivateFrameworks/CommerceKit.framework/Versions/A/Frameworks/CommerceCore.framework/Versions/A/CommerceCore
0x0000000009691000 	/System/Library/PrivateFrameworks/SystemAdministration.framework/Versions/A/SystemAdministration
0x0000000009691000 	/System/Library/PrivateFrameworks/AppContainer.framework/Versions/A/AppContainer
0x0000000009691000 	/System/Library/PrivateFrameworks/SecCodeWrapper.framework/Versions/A/SecCodeWrapper
0x0000000009691000 	/System/Library/PrivateFrameworks/DiskManagement.framework/Versions/A/DiskManagement
0x0000000009691000 	/System/Library/Frameworks/DirectoryService.framework/Versions/A/DirectoryService
0x0000000009691000 	/System/Library/PrivateFrameworks/DiskImages.framework/Versions/A/DiskImages
0x0000000009691000 	/System/Library/PrivateFrameworks/LoginUIKit.framework/Versions/A/Frameworks/LoginUICore.framework/Versions/A/LoginUICore
0x0000000009691000 	/usr/lib/libCoreStorage.dylib
0x0000000009691000 	/usr/lib/libcsfde.dylib
0x0000000009691000 	/usr/lib/libodfde.dylib
0x0000000009691000 	/System/Library/PrivateFrameworks/MediaKit.framework/Versions/A/MediaKit
0x0000000009691000 	/System/Library/Frameworks/DiscRecording.framework/Versions/A/DiscRecording
0x0000000009691000 	/System/Library/PrivateFrameworks/EFILogin.framework/Versions/A/EFILogin
0x0000000009691000 	/System/Library/PrivateFrameworks/ProtectedCloudStorage.framework/Versions/A/ProtectedCloudStorage
0x0000000009691000 	/usr/lib/libcurl.4.dylib
0x0000000009691000 	/usr/lib/libssl.35.dylib
0x0000000009691000 	/System/Library/Frameworks/LDAP.framework/Versions/A/LDAP
0x0000000009691000 	/usr/lib/libsasl2.2.dylib
0x0000000009691000 	/System/Library/PrivateFrameworks/CoreDaemon.framework/Versions/B/CoreDaemon
0x0000000009691000 	/System/Library/PrivateFrameworks/AppleSRP.framework/Versions/A/AppleSRP
0x0000000125d63000 	/Library/Java/JavaVirtualMachines/jdk1.8.0_152.jdk/Contents/Home/jre/lib/libawt.dylib
0x0000000125e0d000 	/Library/Java/JavaVirtualMachines/jdk1.8.0_152.jdk/Contents/Home/jre/lib/./libmlib_image.dylib
0x0000000009691000 	/System/Library/Frameworks/JavaVM.framework/Versions/A/Frameworks/JavaNativeFoundation.framework/Versions/A/JavaNativeFoundation
0x0000000009691000 	/System/Library/Frameworks/JavaVM.framework/Versions/A/Frameworks/JavaRuntimeSupport.framework/Versions/A/JavaRuntimeSupport
0x0000000009691000 	/System/Library/Frameworks/JavaVM.framework/Versions/A/JavaVM
0x0000000009691000 	/System/Library/PrivateFrameworks/JavaLaunching.framework/Versions/A/JavaLaunching
0x0000000009691000 	/System/Library/Frameworks/Carbon.framework/Versions/A/Carbon
0x0000000009691000 	/System/Library/Frameworks/Carbon.framework/Versions/A/Frameworks/CommonPanels.framework/Versions/A/CommonPanels
0x0000000009691000 	/System/Library/Frameworks/Carbon.framework/Versions/A/Frameworks/Help.framework/Versions/A/Help
0x0000000009691000 	/System/Library/Frameworks/Carbon.framework/Versions/A/Frameworks/ImageCapture.framework/Versions/A/ImageCapture
0x0000000009691000 	/System/Library/Frameworks/Carbon.framework/Versions/A/Frameworks/OpenScripting.framework/Versions/A/OpenScripting
0x0000000009691000 	/System/Library/Frameworks/Carbon.framework/Versions/A/Frameworks/Print.framework/Versions/A/Print
0x0000000009691000 	/System/Library/Frameworks/Carbon.framework/Versions/A/Frameworks/SecurityHI.framework/Versions/A/SecurityHI
0x0000000125ed9000 	/Library/Java/JavaVirtualMachines/jdk1.8.0_152.jdk/Contents/Home/jre/lib/libawt_lwawt.dylib
0x0000000125f93000 	/Library/Java/JavaVirtualMachines/jdk1.8.0_152.jdk/Contents/Home/jre/lib/./libosxapp.dylib
0x0000000009691000 	/System/Library/Frameworks/ExceptionHandling.framework/Versions/A/ExceptionHandling
0x0000000009691000 	/System/Library/Frameworks/ApplicationServices.framework/Versions/A/Frameworks/ATS.framework/Versions/A/Resources/libTrueTypeScaler.dylib
0x0000000009691000 	/System/Library/Extensions/AppleIntelSKLGraphicsMTLDriver.bundle/Contents/MacOS/AppleIntelSKLGraphicsMTLDriver
0x0000000009691000 	/System/Library/PrivateFrameworks/GPUCompiler.framework/Versions/3802/Libraries/libmetal_timestamp.dylib
0x0000000127d59000 	/Library/Java/JavaVirtualMachines/jdk1.8.0_152.jdk/Contents/Home/jre/lib/libfontmanager.dylib
0x00000001272aa000 	/Library/Java/JavaVirtualMachines/jdk1.8.0_152.jdk/Contents/Home/jre/lib/libosxui.dylib
0x0000000129605000 	/Library/Java/JavaVirtualMachines/jdk1.8.0_152.jdk/Contents/Home/jre/lib/libnio.dylib
0x00000001296e5000 	/Library/Java/JavaVirtualMachines/jdk1.8.0_152.jdk/Contents/Home/jre/lib/./libnet.dylib
0x0000000009691000 	/System/Library/PrivateFrameworks/ViewBridge.framework/Versions/A/ViewBridge
0x0000000009691000 	/System/Library/PrivateFrameworks/login.framework/Versions/A/login
0x00000001246a7000 	/Library/Java/JavaVirtualMachines/jdk1.8.0_152.jdk/Contents/Home/jre/lib/libjsound.dylib
0x0000000009691000 	/System/Library/Frameworks/CoreMIDI.framework/Versions/A/CoreMIDI
0x0000000009691000 	/usr/lib/libexpat.1.dylib
0x0000000124ddd000 	/System/Library/Extensions/AppleHDA.kext/Contents/PlugIns/AppleHDAHALPlugIn.bundle/Contents/MacOS/AppleHDAHALPlugIn
0x000000012b939000 	/System/Library/Components/CoreAudio.component/Contents/MacOS/CoreAudio
0x000000012af4f000 	/Library/Java/JavaVirtualMachines/jdk1.8.0_152.jdk/Contents/Home/jre/lib/libjavafx_iio.dylib
0x0000000124dfc000 	/Library/Java/JavaVirtualMachines/jdk1.8.0_152.jdk/Contents/Home/jre/lib/libjavafx_font.dylib
0x00000001306bd000 	/Library/Java/JavaVirtualMachines/jdk1.8.0_152.jdk/Contents/Home/jre/lib/libprism_common.dylib

VM Arguments:
jvm_args: -Dfile.encoding=UTF-8 
java_command: com.neet.DiamondHunter.Main.Game
java_class_path (initial): /Library/Java/JavaVirtualMachines/jdk1.8.0_152.jdk/Contents/Home/jre/lib/resources.jar:/Library/Java/JavaVirtualMachines/jdk1.8.0_152.jdk/Contents/Home/jre/lib/rt.jar:/Library/Java/JavaVirtualMachines/jdk1.8.0_152.jdk/Contents/Home/jre/lib/jsse.jar:/Library/Java/JavaVirtualMachines/jdk1.8.0_152.jdk/Contents/Home/jre/lib/jce.jar:/Library/Java/JavaVirtualMachines/jdk1.8.0_152.jdk/Contents/Home/jre/lib/charsets.jar:/Library/Java/JavaVirtualMachines/jdk1.8.0_152.jdk/Contents/Home/jre/lib/jfr.jar:/Library/Java/JavaVirtualMachines/jdk1.8.0_152.jdk/Contents/Home/jre/lib/ext/sunec.jar:/Library/Java/JavaVirtualMachines/jdk1.8.0_152.jdk/Contents/Home/jre/lib/ext/nashorn.jar:/Library/Java/JavaVirtualMachines/jdk1.8.0_152.jdk/Contents/Home/jre/lib/ext/cldrdata.jar:/Library/Java/JavaVirtualMachines/jdk1.8.0_152.jdk/Contents/Home/jre/lib/ext/jfxrt.jar:/Library/Java/JavaVirtualMachines/jdk1.8.0_152.jdk/Contents/Home/jre/lib/ext/dnsns.jar:/Library/Java/JavaVirtualMachines/jdk1.8.0_152.jdk/Contents/Home/jre/lib/ext/localedata.jar:/Library/Java/JavaVirtualMachines/jdk1.8.0_152.jdk/Contents/Home/jre/lib/ext/sunjce_provider.jar:/Library/Java/JavaVirtualMachines/jdk1.8.0_152.jdk/Contents/Home/jre/lib/ext/sunpkcs11.jar:/Library/Java/JavaVirtualMachines/jdk1.8.0_152.jdk/Contents/Home/jre/lib/ext/jaccess.jar:/Library/Java/JavaVirtualMachines/jdk1.8.0_152.jdk/Contents/Home/jre/lib/ext/zipfs.jar:/System/Library/Java/Extensions/MRJToolkit.jar:/Users/priyanka_cj/Documents/GitHub/SWMCW2/DiamondHunter/bin:/Users/priyanka_cj/Documents/GitHub/SWMCW2/DiamondHunter/Libs/jl1.0.1.jar:/Users/priyanka_cj/Documents/GitHub/SWMCW2/DiamondHunter/Libs/mp3spi1.9.5.jar:/Users/priyanka_cj/Documents/GitHub/SWMCW2/DiamondHunter/Libs/tritonus_share.jar:/Users/priyanka_cj/.p2/pool/plugins/org.eclipse.fx.ide.css.jfx8_3.0.0.201705220750.jar
Launcher Type: SUN_STANDARD

Environment Variables:
PATH=/usr/bin:/bin:/usr/sbin:/sbin
SHELL=/bin/bash

Signal Handlers:
SIGSEGV: [libjvm.dylib+0x5b494d], sa_mask[0]=11111111011111110111111111111111, sa_flags=SA_ONSTACK|SA_RESTART|SA_SIGINFO
SIGBUS: [libjvm.dylib+0x5b494d], sa_mask[0]=11111111011111110111111111111111, sa_flags=SA_RESTART|SA_SIGINFO
SIGFPE: [libjvm.dylib+0x48ab54], sa_mask[0]=11111111011111110111111111111111, sa_flags=SA_RESTART|SA_SIGINFO
SIGPIPE: [libjvm.dylib+0x48ab54], sa_mask[0]=11111111011111110111111111111111, sa_flags=SA_RESTART|SA_SIGINFO
SIGXFSZ: [libjvm.dylib+0x48ab54], sa_mask[0]=11111111011111110111111111111111, sa_flags=SA_RESTART|SA_SIGINFO
SIGILL: [libjvm.dylib+0x48ab54], sa_mask[0]=11111111011111110111111111111111, sa_flags=SA_RESTART|SA_SIGINFO
SIGUSR1: SIG_DFL, sa_mask[0]=00000000000000000000000000000000, sa_flags=none
SIGUSR2: [libjvm.dylib+0x48a672], sa_mask[0]=00100000000000000000000000000000, sa_flags=SA_RESTART|SA_SIGINFO
SIGHUP: [libjvm.dylib+0x488c49], sa_mask[0]=11111111011111110111111111111111, sa_flags=SA_RESTART|SA_SIGINFO
SIGINT: [libjvm.dylib+0x488c49], sa_mask[0]=11111111011111110111111111111111, sa_flags=SA_RESTART|SA_SIGINFO
SIGTERM: [libjvm.dylib+0x488c49], sa_mask[0]=11111111011111110111111111111111, sa_flags=SA_RESTART|SA_SIGINFO
SIGQUIT: [libjvm.dylib+0x488c49], sa_mask[0]=11111111011111110111111111111111, sa_flags=SA_RESTART|SA_SIGINFO


---------------  S Y S T E M  ---------------

OS:Bsduname:Darwin 17.2.0 Darwin Kernel Version 17.2.0: Fri Sep 29 18:27:05 PDT 2017; root:xnu-4570.20.62~3/RELEASE_X86_64 x86_64
rlimit: STACK 8192k, CORE 0k, NPROC 709, NOFILE 10240, AS infinity
load average:2.33 2.13 1.95

CPU:total 4 (initial active 4) (2 cores per cpu, 2 threads per core) family 6 model 78 stepping 3, cmov, cx8, fxsr, mmx, sse, sse2, sse3, ssse3, sse4.1, sse4.2, popcnt, avx, avx2, aes, clmul, erms, rtm, 3dnowpref, lzcnt, ht, tsc, tscinvbit, bmi1, bmi2, adx

Memory: 4k page, physical 8388608k(319680k free)

/proc/meminfo:


vm_info: Java HotSpot(TM) 64-Bit Server VM (25.152-b16) for bsd-amd64 JRE (1.8.0_152-b16), built on Sep 14 2017 02:31:13 by "java_re" with gcc 4.2.1 (Based on Apple Inc. build 5658) (LLVM build 2336.11.00)

time: Tue Dec 19 19:05:53 2017
elapsed time: 91 seconds (0d 0h 1m 31s)

