#
# A fatal error has been detected by the Java Runtime Environment:
#
#  SIGSEGV (0xb) at pc=0x00007fff34892e48, pid=897, tid=0x0000000000000307
#
# JRE version: Java(TM) SE Runtime Environment (8.0_152-b16) (build 1.8.0_152-b16)
# Java VM: Java HotSpot(TM) 64-Bit Server VM (25.152-b16 mixed mode bsd-amd64 compressed oops)
# Problematic frame:
# C  [JavaNativeFoundation+0x6e48]  -[JNFWeakJObjectWrapper _getWithEnv:]+0x20
#
# Failed to write core dump. Core dumps have been disabled. To enable core dumping, try "ulimit -c unlimited" before starting Java again
#
# If you would like to submit a bug report, please visit:
#   http://bugreport.java.com/bugreport/crash.jsp
#

---------------  T H R E A D  ---------------

Current thread is native thread

siginfo: si_signo: 11 (SIGSEGV), si_code: 1 (SEGV_MAPERR), si_addr: 0x000006c105c10581

Registers:
RAX=0x00007fc27a0b39f8, RBX=0x00007fc2796fa940, RCX=0x000006c105c104c1, RDX=0x0000000000000000
RSP=0x00007ffeef57fa30, RBP=0x00007ffeef57fa40, RSI=0x00007fc279711e00, RDI=0x00007fc27a0b39f8
R8 =0x0000000000000000, R9 =0x0000000000000000, R10=0x00007fff8ba79ed8, R11=0x00007fc27942c870
R12=0x00007fc27a0b39f8, R13=0x00007fc27bc008f0, R14=0x0000000000000008, R15=0x00007fc2795532c0
RIP=0x00007fff34892e48, EFLAGS=0x0000000000010246, ERR=0x0000000000000004
  TRAPNO=0x000000000000000e

Top of Stack: (sp=0x00007ffeef57fa30)
0x00007ffeef57fa30:   00007fc27a0b39f8 00007fc27b2b2400
0x00007ffeef57fa40:   00007ffeef57fa60 00007fff34892c5b
0x00007ffeef57fa50:   00007fc2796fa900 00007fc27953fec0
0x00007ffeef57fa60:   00007ffeef57fac0 000000011c85ae73
0x00007ffeef57fa70:   00007fff2efe770a 0000000000000000
0x00007ffeef57fa80:   40a2a07cdeecbd8c 00007fc27b2b2400
0x00007ffeef57fa90:   00007ffeef57fac0 00007fff5771ce80
0x00007ffeef57faa0:   00007fc2795532c0 00007fc27bc008f0
0x00007ffeef57fab0:   00007fc2795671b0 00007fc27b2b2400
0x00007ffeef57fac0:   00007ffeef57fb70 00007fff3be72622
0x00007ffeef57fad0:   00007fc2795532c0 0000000000000000
0x00007ffeef57fae0:   0000000000000000 00007fc2795532c0
0x00007ffeef57faf0:   0000000000000000 0000000000000000
0x00007ffeef57fb00:   00007ffeef57fb50 0000000000000004
0x00007ffeef57fb10:   0000000000000000 40a2a07cdeecbd8c
0x00007ffeef57fb20:   0000000000000004 0000000000000000
0x00007ffeef57fb30:   0000000000000000 00007ffeef57fb50
0x00007ffeef57fb40:   00007fc2795532c0 00007fff5771ce80
0x00007ffeef57fb50:   0000000000000004 0000000000000000
0x00007ffeef57fb60:   00007fc2795532c0 00007fff2efe770a
0x00007ffeef57fb70:   00007ffeef57fbe0 00007fff3be71c83
0x00007ffeef57fb80:   0000000000000000 0000000000000000
0x00007ffeef57fb90:   4078000000000000 407b000000000000
0x00007ffeef57fba0:   407b000000000000 4078000000000000
0x00007ffeef57fbb0:   4000000000000000 00007ffeef57fcb0
0x00007ffeef57fbc0:   00007fff5771ce80 0000000000000000
0x00007ffeef57fbd0:   00007fff2efe9705 00007fc27e000e70
0x00007ffeef57fbe0:   00007ffeef580cb0 00007fff3be12a61
0x00007ffeef57fbf0:   00007ffeef580cb0 00007fff3be12931
0x00007ffeef57fc00:   00007ffeef57fcb0 0000000000000000
0x00007ffeef57fc10:   0000000000000001 00007fc2799e7800
0x00007ffeef57fc20:   00007ffeef57fc80 0000020000000100 

Instructions: (pc=0x00007fff34892e48)
0x00007fff34892e28:   55 48 89 e5 41 56 53 48 89 d0 48 89 fb 48 8b 08
0x00007fff34892e38:   4c 8b 35 21 6d 1e 57 4a 8b 34 33 31 d2 48 89 c7
0x00007fff34892e48:   ff 91 c0 00 00 00 3c 01 75 0c 4a c7 04 33 00 00
0x00007fff34892e58:   00 00 31 c0 eb 04 4a 8b 04 33 5b 41 5e 5d c3 55 

Register to memory mapping:

RAX=0x00007fc27a0b39f8 is an unknown value
RBX=0x00007fc2796fa940 is an unknown value
RCX=0x000006c105c104c1 is an unknown value
RDX=0x0000000000000000 is an unknown value
RSP=0x00007ffeef57fa30 is an unknown value
RBP=0x00007ffeef57fa40 is an unknown value
RSI=0x00007fc279711e00 is a weak global jni handle
RDI=0x00007fc27a0b39f8 is an unknown value
R8 =0x0000000000000000 is an unknown value
R9 =0x0000000000000000 is an unknown value
R10=0x00007fff8ba79ed8: OBJC_CLASS_$_JNFWeakJObjectWrapper+0 in /System/Library/Frameworks/JavaVM.framework/Versions/A/Frameworks/JavaNativeFoundation.framework/Versions/A/JavaNativeFoundation at 0x00007fff3488c000
R11=0x00007fc27942c870 is an unknown value
R12=0x00007fc27a0b39f8 is an unknown value
R13=0x00007fc27bc008f0 is an unknown value
R14=0x0000000000000008 is an unknown value
R15=0x00007fc2795532c0 is an unknown value


Stack: [0x00007ffeeed84000,0x00007ffeef584000],  sp=0x00007ffeef57fa30,  free space=8174k
Native frames: (J=compiled Java code, j=interpreted, Vv=VM code, C=native code)
C  [JavaNativeFoundation+0x6e48]  -[JNFWeakJObjectWrapper _getWithEnv:]+0x20
C  [JavaNativeFoundation+0x6c5b]  -[JNFJObjectWrapper jObjectWithEnv:]+0x16
C  [libawt_lwawt.dylib+0x1ae73]  -[CGLLayer drawInCGLContext:pixelFormat:forLayerTime:displayTime:]+0xa4
C  [QuartzCore+0x71622]  _ZL17CAOpenGLLayerDrawP13CAOpenGLLayerdPK11CVTimeStampj+0x7a7
C  [QuartzCore+0x70c83]  -[CAOpenGLLayer _display]+0x235
C  [QuartzCore+0x11a61]  _ZN2CA5Layer17display_if_neededEPNS_11TransactionE+0x279
C  [QuartzCore+0x1150f]  _ZN2CA5Layer28layout_and_display_if_neededEPNS_11TransactionE+0x23
C  [QuartzCore+0x10641]  _ZN2CA7Context18commit_transactionEPNS_11TransactionE+0x13f
C  [QuartzCore+0x101f5]  _ZN2CA11Transaction6commitEv+0x1e7
C  [QuartzCore+0x1bb3a]  _ZN2CA11Transaction17observer_callbackEP19__CFRunLoopObservermPv+0x42
C  [CoreFoundation+0xa3227]  __CFRUNLOOP_IS_CALLING_OUT_TO_AN_OBSERVER_CALLBACK_FUNCTION__+0x17
C  [CoreFoundation+0xa314f]  __CFRunLoopDoObservers+0x20f
C  [CoreFoundation+0x85870]  __CFRunLoopRun+0x640
C  [CoreFoundation+0x84fa3]  CFRunLoopRunSpecific+0x1e3
C  [java+0x647a]  CreateExecutionEnvironment+0x367
C  [java+0x212c]  JLI_Launch+0x7a0
C  [java+0x84d7]  main+0x65
C  [java+0x1984]  start+0x34


---------------  P R O C E S S  ---------------

VM state:not at safepoint (normal execution)

VM Mutex/Monitor currently owned by a thread: None

Heap:
 PSYoungGen      total 38400K, used 7675K [0x0000000795580000, 0x0000000799900000, 0x00000007c0000000)
  eden space 33280K, 14% used [0x0000000795580000,0x0000000795a45cb0,0x0000000797600000)
  from space 5120K, 54% used [0x0000000797b00000,0x0000000797db8f60,0x0000000798000000)
  to   space 5120K, 0% used [0x0000000797600000,0x0000000797600000,0x0000000797b00000)
 ParOldGen       total 68608K, used 35181K [0x0000000740000000, 0x0000000744300000, 0x0000000795580000)
  object space 68608K, 51% used [0x0000000740000000,0x000000074225b6c8,0x0000000744300000)
 Metaspace       used 22370K, capacity 23220K, committed 23344K, reserved 1069056K
  class space    used 3128K, capacity 3330K, committed 3376K, reserved 1048576K

Card table byte_map: [0x00000001023c0000,0x00000001027c1000] byte_map_base: 0x00000000fe9c0000

Marking Bits: (ParMarkBitMap*) 0x0000000100fab6c0
 Begin Bits: [0x0000000102a6c000, 0x0000000104a6c000)
 End Bits:   [0x0000000104a6c000, 0x0000000106a6c000)

Polling page: 0x00000001016a5000

CodeCache: size=245760Kb used=6342Kb max_used=6362Kb free=239417Kb
 bounds [0x0000000106b48000, 0x0000000107188000, 0x0000000115b48000]
 total_blobs=2649 nmethods=1836 adapters=726
 compilation: enabled

Compilation events (10 events):
Event: 32.910 Thread 0x00007fc279884800 1863       3       sun.java2d.pipe.DrawImage::copyImage (60 bytes)
Event: 32.910 Thread 0x00007fc279884800 nmethod 1863 0x0000000107162510 code [0x00000001071626e0, 0x0000000107162fc8]
Event: 32.911 Thread 0x00007fc27b003000 nmethod 1779 0x000000010717d1d0 code [0x000000010717d840, 0x0000000107182a60]
Event: 32.911 Thread 0x00007fc279884800 1864       3       java.lang.Math::floor (5 bytes)
Event: 32.911 Thread 0x00007fc279884800 nmethod 1864 0x0000000106c5e490 code [0x0000000106c5e620, 0x0000000106c5e7e8]
Event: 32.911 Thread 0x00007fc279884800 1865       3       java.lang.StrictMath::floor (12 bytes)
Event: 32.911 Thread 0x00007fc279884800 nmethod 1865 0x0000000107164950 code [0x0000000107164ae0, 0x0000000107164c68]
Event: 32.911 Thread 0x00007fc279884800 1866       1       sun.java2d.SunGraphics2D::getSurfaceData (5 bytes)
Event: 32.911 Thread 0x00007fc279884800 nmethod 1866 0x00000001071621d0 code [0x0000000107162320, 0x0000000107162430]
Event: 32.912 Thread 0x00007fc279883800 nmethod 1858 0x0000000107164410 code [0x0000000107164560, 0x00000001071647d8]

GC Heap History (10 events):
Event: 5.868 GC heap before
{Heap before GC invocations=1 (full 0):
 PSYoungGen      total 38400K, used 33280K [0x0000000795580000, 0x0000000798000000, 0x00000007c0000000)
  eden space 33280K, 100% used [0x0000000795580000,0x0000000797600000,0x0000000797600000)
  from space 5120K, 0% used [0x0000000797b00000,0x0000000797b00000,0x0000000798000000)
  to   space 5120K, 0% used [0x0000000797600000,0x0000000797600000,0x0000000797b00000)
 ParOldGen       total 87552K, used 0K [0x0000000740000000, 0x0000000745580000, 0x0000000795580000)
  object space 87552K, 0% used [0x0000000740000000,0x0000000740000000,0x0000000745580000)
 Metaspace       used 12745K, capacity 13184K, committed 13440K, reserved 1060864K
  class space    used 1537K, capacity 1650K, committed 1664K, reserved 1048576K
Event: 5.872 GC heap after
Heap after GC invocations=1 (full 0):
 PSYoungGen      total 38400K, used 2798K [0x0000000795580000, 0x0000000798000000, 0x00000007c0000000)
  eden space 33280K, 0% used [0x0000000795580000,0x0000000795580000,0x0000000797600000)
  from space 5120K, 54% used [0x0000000797600000,0x00000007978bb910,0x0000000797b00000)
  to   space 5120K, 0% used [0x0000000797b00000,0x0000000797b00000,0x0000000798000000)
 ParOldGen       total 87552K, used 8K [0x0000000740000000, 0x0000000745580000, 0x0000000795580000)
  object space 87552K, 0% used [0x0000000740000000,0x0000000740002000,0x0000000745580000)
 Metaspace       used 12745K, capacity 13184K, committed 13440K, reserved 1060864K
  class space    used 1537K, capacity 1650K, committed 1664K, reserved 1048576K
}
Event: 6.553 GC heap before
{Heap before GC invocations=2 (full 0):
 PSYoungGen      total 38400K, used 33689K [0x0000000795580000, 0x0000000798000000, 0x00000007c0000000)
  eden space 33280K, 92% used [0x0000000795580000,0x00000007973aada8,0x0000000797600000)
  from space 5120K, 54% used [0x0000000797600000,0x00000007978bb910,0x0000000797b00000)
  to   space 5120K, 0% used [0x0000000797b00000,0x0000000797b00000,0x0000000798000000)
 ParOldGen       total 87552K, used 8K [0x0000000740000000, 0x0000000745580000, 0x0000000795580000)
  object space 87552K, 0% used [0x0000000740000000,0x0000000740002000,0x0000000745580000)
 Metaspace       used 20595K, capacity 21238K, committed 21296K, reserved 1067008K
  class space    used 2907K, capacity 3091K, committed 3120K, reserved 1048576K
Event: 6.562 GC heap after
Heap after GC invocations=2 (full 0):
 PSYoungGen      total 38400K, used 5105K [0x0000000795580000, 0x0000000798000000, 0x00000007c0000000)
  eden space 33280K, 0% used [0x0000000795580000,0x0000000795580000,0x0000000797600000)
  from space 5120K, 99% used [0x0000000797b00000,0x0000000797ffc7a8,0x0000000798000000)
  to   space 5120K, 0% used [0x0000000797600000,0x0000000797600000,0x0000000797b00000)
 ParOldGen       total 87552K, used 7362K [0x0000000740000000, 0x0000000745580000, 0x0000000795580000)
  object space 87552K, 8% used [0x0000000740000000,0x0000000740730b78,0x0000000745580000)
 Metaspace       used 20595K, capacity 21238K, committed 21296K, reserved 1067008K
  class space    used 2907K, capacity 3091K, committed 3120K, reserved 1048576K
}
Event: 6.562 GC heap before
{Heap before GC invocations=3 (full 1):
 PSYoungGen      total 38400K, used 5105K [0x0000000795580000, 0x0000000798000000, 0x00000007c0000000)
  eden space 33280K, 0% used [0x0000000795580000,0x0000000795580000,0x0000000797600000)
  from space 5120K, 99% used [0x0000000797b00000,0x0000000797ffc7a8,0x0000000798000000)
  to   space 5120K, 0% used [0x0000000797600000,0x0000000797600000,0x0000000797b00000)
 ParOldGen       total 87552K, used 7362K [0x0000000740000000, 0x0000000745580000, 0x0000000795580000)
  object space 87552K, 8% used [0x0000000740000000,0x0000000740730b78,0x0000000745580000)
 Metaspace       used 20595K, capacity 21238K, committed 21296K, reserved 1067008K
  class space    used 2907K, capacity 3091K, committed 3120K, reserved 1048576K
Event: 6.589 GC heap after
Heap after GC invocations=3 (full 1):
 PSYoungGen      total 38400K, used 0K [0x0000000795580000, 0x0000000798000000, 0x00000007c0000000)
  eden space 33280K, 0% used [0x0000000795580000,0x0000000795580000,0x0000000797600000)
  from space 5120K, 0% used [0x0000000797b00000,0x0000000797b00000,0x0000000798000000)
  to   space 5120K, 0% used [0x0000000797600000,0x0000000797600000,0x0000000797b00000)
 ParOldGen       total 68608K, used 12425K [0x0000000740000000, 0x0000000744300000, 0x0000000795580000)
  object space 68608K, 18% used [0x0000000740000000,0x0000000740c22648,0x0000000744300000)
 Metaspace       used 20595K, capacity 21238K, committed 21296K, reserved 1067008K
  class space    used 2907K, capacity 3091K, committed 3120K, reserved 1048576K
}
Event: 32.748 GC heap before
{Heap before GC invocations=4 (full 1):
 PSYoungGen      total 38400K, used 29531K [0x0000000795580000, 0x0000000798000000, 0x00000007c0000000)
  eden space 33280K, 88% used [0x0000000795580000,0x0000000797256fe0,0x0000000797600000)
  from space 5120K, 0% used [0x0000000797b00000,0x0000000797b00000,0x0000000798000000)
  to   space 5120K, 0% used [0x0000000797600000,0x0000000797600000,0x0000000797b00000)
 ParOldGen       total 68608K, used 12425K [0x0000000740000000, 0x0000000744300000, 0x0000000795580000)
  object space 68608K, 18% used [0x0000000740000000,0x0000000740c22648,0x0000000744300000)
 Metaspace       used 22355K, capacity 23220K, committed 23344K, reserved 1069056K
  class space    used 3128K, capacity 3330K, committed 3376K, reserved 1048576K
Event: 32.754 GC heap after
Heap after GC invocations=4 (full 1):
 PSYoungGen      total 38400K, used 5107K [0x0000000795580000, 0x0000000798000000, 0x00000007c0000000)
  eden space 33280K, 0% used [0x0000000795580000,0x0000000795580000,0x0000000797600000)
  from space 5120K, 99% used [0x0000000797600000,0x0000000797afce00,0x0000000797b00000)
  to   space 5120K, 0% used [0x0000000797b00000,0x0000000797b00000,0x0000000798000000)
 ParOldGen       total 68608K, used 24861K [0x0000000740000000, 0x0000000744300000, 0x0000000795580000)
  object space 68608K, 36% used [0x0000000740000000,0x0000000741847690,0x0000000744300000)
 Metaspace       used 22355K, capacity 23220K, committed 23344K, reserved 1069056K
  class space    used 3128K, capacity 3330K, committed 3376K, reserved 1048576K
}
Event: 32.899 GC heap before
{Heap before GC invocations=5 (full 1):
 PSYoungGen      total 38400K, used 37589K [0x0000000795580000, 0x0000000798000000, 0x00000007c0000000)
  eden space 33280K, 97% used [0x0000000795580000,0x0000000797538768,0x0000000797600000)
  from space 5120K, 99% used [0x0000000797600000,0x0000000797afce00,0x0000000797b00000)
  to   space 5120K, 0% used [0x0000000797b00000,0x0000000797b00000,0x0000000798000000)
 ParOldGen       total 68608K, used 24861K [0x0000000740000000, 0x0000000744300000, 0x0000000795580000)
  object space 68608K, 36% used [0x0000000740000000,0x0000000741847690,0x0000000744300000)
 Metaspace       used 22369K, capacity 23220K, committed 23344K, reserved 1069056K
  class space    used 3128K, capacity 3330K, committed 3376K, reserved 1048576K
Event: 32.904 GC heap after
Heap after GC invocations=5 (full 1):
 PSYoungGen      total 38400K, used 2787K [0x0000000795580000, 0x0000000799900000, 0x00000007c0000000)
  eden space 33280K, 0% used [0x0000000795580000,0x0000000795580000,0x0000000797600000)
  from space 5120K, 54% used [0x0000000797b00000,0x0000000797db8f60,0x0000000798000000)
  to   space 5120K, 0% used [0x0000000797600000,0x0000000797600000,0x0000000797b00000)
 ParOldGen       total 68608K, used 35181K [0x0000000740000000, 0x0000000744300000, 0x0000000795580000)
  object space 68608K, 51% used [0x0000000740000000,0x000000074225b6c8,0x0000000744300000)
 Metaspace       used 22369K, capacity 23220K, committed 23344K, reserved 1069056K
  class space    used 3128K, capacity 3330K, committed 3376K, reserved 1048576K
}

Deoptimization events (10 events):
Event: 6.469 Thread 0x00007fc27a0b3800 Uncommon trap: reason=unstable_if action=reinterpret pc=0x0000000106d8cbe0 method=java.lang.CharacterData.of(I)Ljava/lang/CharacterData; @ 4
Event: 32.419 Thread 0x00007fc27b259000 Uncommon trap: reason=class_check action=maybe_recompile pc=0x0000000106f9a094 method=java.io.FilterInputStream.read()I @ 4
Event: 32.419 Thread 0x00007fc27b259000 Uncommon trap: reason=class_check action=maybe_recompile pc=0x0000000106f9a094 method=java.io.FilterInputStream.read()I @ 4
Event: 32.420 Thread 0x00007fc27b259000 Uncommon trap: reason=class_check action=maybe_recompile pc=0x0000000106f9a094 method=java.io.FilterInputStream.read()I @ 4
Event: 32.420 Thread 0x00007fc27b259000 Uncommon trap: reason=class_check action=maybe_recompile pc=0x0000000106f9a094 method=java.io.FilterInputStream.read()I @ 4
Event: 32.535 Thread 0x00007fc27b259000 Uncommon trap: reason=unstable_if action=reinterpret pc=0x00000001070b8944 method=javazoom.jl.decoder.BitReserve.hgetbits(I)I @ 22
Event: 32.757 Thread 0x00007fc27b259000 Uncommon trap: reason=unstable_if action=reinterpret pc=0x0000000106e5225c method=sun.nio.cs.UTF_8$Decoder.decode([BII[C)I @ 30
Event: 32.760 Thread 0x00007fc27b259000 Uncommon trap: reason=unstable_if action=reinterpret pc=0x00000001070bcacc method=javazoom.jl.decoder.Obuffer.clip(F)S @ 4
Event: 32.760 Thread 0x00007fc27b259000 Uncommon trap: reason=unstable_if action=reinterpret pc=0x000000010709d3fc method=javazoom.jl.decoder.Obuffer.clip(F)S @ 4
Event: 32.761 Thread 0x00007fc27b259000 Uncommon trap: reason=unstable_if action=reinterpret pc=0x000000010712332c method=javazoom.jl.decoder.Obuffer.clip(F)S @ 17

Classes redefined (0 events):
No events

Internal exceptions (10 events):
Event: 6.061 Thread 0x00007fc27a0b3800 Exception <a 'java/lang/ArrayIndexOutOfBoundsException': 58> (0x0000000795c6f518) thrown at [/Users/java_re/workspace/8-2-build-macosx-x86_64/jdk8u152/9742/hotspot/src/share/vm/interpreter/interpreterRuntime.cpp, line 366]
Event: 6.061 Thread 0x00007fc27a0b3800 Exception <a 'java/lang/ArrayIndexOutOfBoundsException': 18> (0x0000000795c701b8) thrown at [/Users/java_re/workspace/8-2-build-macosx-x86_64/jdk8u152/9742/hotspot/src/share/vm/interpreter/interpreterRuntime.cpp, line 366]
Event: 6.061 Thread 0x00007fc27a0b3800 Exception <a 'java/lang/ArrayIndexOutOfBoundsException': 86> (0x0000000795c71560) thrown at [/Users/java_re/workspace/8-2-build-macosx-x86_64/jdk8u152/9742/hotspot/src/share/vm/interpreter/interpreterRuntime.cpp, line 366]
Event: 6.167 Thread 0x00007fc27a0b3800 Exception <a 'java/io/FileNotFoundException'> (0x0000000796775eb8) thrown at [/Users/java_re/workspace/8-2-build-macosx-x86_64/jdk8u152/9742/hotspot/src/share/vm/prims/jni.cpp, line 709]
Event: 6.171 Thread 0x00007fc27a0b3800 Exception <a 'java/io/FileNotFoundException'> (0x00000007967af018) thrown at [/Users/java_re/workspace/8-2-build-macosx-x86_64/jdk8u152/9742/hotspot/src/share/vm/prims/jni.cpp, line 709]
Event: 6.175 Thread 0x00007fc27a0b3800 Exception <a 'java/io/FileNotFoundException'> (0x00000007967fb9d0) thrown at [/Users/java_re/workspace/8-2-build-macosx-x86_64/jdk8u152/9742/hotspot/src/share/vm/prims/jni.cpp, line 709]
Event: 6.177 Thread 0x00007fc27a0b3800 Exception <a 'java/io/FileNotFoundException'> (0x0000000796834f18) thrown at [/Users/java_re/workspace/8-2-build-macosx-x86_64/jdk8u152/9742/hotspot/src/share/vm/prims/jni.cpp, line 709]
Event: 6.182 Thread 0x00007fc27a0b3800 Exception <a 'java/io/FileNotFoundException'> (0x0000000796880008) thrown at [/Users/java_re/workspace/8-2-build-macosx-x86_64/jdk8u152/9742/hotspot/src/share/vm/prims/jni.cpp, line 709]
Event: 6.190 Thread 0x00007fc27a0b3800 Exception <a 'java/io/FileNotFoundException'> (0x00000007968f33f0) thrown at [/Users/java_re/workspace/8-2-build-macosx-x86_64/jdk8u152/9742/hotspot/src/share/vm/prims/jni.cpp, line 709]
Event: 6.199 Thread 0x00007fc27a0b3800 Exception <a 'java/io/FileNotFoundException'> (0x0000000796937ce0) thrown at [/Users/java_re/workspace/8-2-build-macosx-x86_64/jdk8u152/9742/hotspot/src/share/vm/prims/jni.cpp, line 709]

Events (10 events):
Event: 32.897 Thread 0x00007fc27f816000 Thread added: 0x00007fc27f816000
Event: 32.898 Executing VM operation: ParallelGCFailedAllocation
Event: 32.904 Executing VM operation: ParallelGCFailedAllocation done
Event: 32.904 Executing VM operation: RevokeBias
Event: 32.905 Executing VM operation: RevokeBias done
Event: 32.905 Executing VM operation: RevokeBias
Event: 32.905 Executing VM operation: RevokeBias done
Event: 32.905 Executing VM operation: RevokeBias
Event: 32.905 Executing VM operation: RevokeBias done
Event: 32.909 Thread 0x00007fc2799b7000 Thread added: 0x00007fc2799b7000


Dynamic libraries:
0x0000000009691000 	/System/Library/Frameworks/Cocoa.framework/Versions/A/Cocoa
0x0000000009691000 	/System/Library/Frameworks/Security.framework/Versions/A/Security
0x0000000009691000 	/System/Library/Frameworks/ApplicationServices.framework/Versions/A/ApplicationServices
0x0000000009691000 	/usr/lib/libz.1.dylib
0x0000000009691000 	/usr/lib/libSystem.B.dylib
0x0000000009691000 	/usr/lib/libobjc.A.dylib
0x0000000009691000 	/System/Library/Frameworks/CoreFoundation.framework/Versions/A/CoreFoundation
0x0000000009691000 	/System/Library/Frameworks/Foundation.framework/Versions/C/Foundation
0x0000000009691000 	/System/Library/Frameworks/AppKit.framework/Versions/C/AppKit
0x0000000009691000 	/System/Library/Frameworks/CoreData.framework/Versions/A/CoreData
0x0000000009691000 	/System/Library/PrivateFrameworks/RemoteViewServices.framework/Versions/A/RemoteViewServices
0x0000000009691000 	/System/Library/PrivateFrameworks/UIFoundation.framework/Versions/A/UIFoundation
0x0000000009691000 	/System/Library/PrivateFrameworks/DFRFoundation.framework/Versions/A/DFRFoundation
0x0000000009691000 	/System/Library/Frameworks/Metal.framework/Versions/A/Metal
0x0000000009691000 	/System/Library/PrivateFrameworks/DesktopServicesPriv.framework/Versions/A/DesktopServicesPriv
0x0000000009691000 	/usr/lib/libenergytrace.dylib
0x0000000009691000 	/System/Library/PrivateFrameworks/SkyLight.framework/Versions/A/SkyLight
0x0000000009691000 	/System/Library/Frameworks/CoreGraphics.framework/Versions/A/CoreGraphics
0x0000000009691000 	/usr/lib/libScreenReader.dylib
0x0000000009691000 	/System/Library/Frameworks/Accelerate.framework/Versions/A/Accelerate
0x0000000009691000 	/System/Library/Frameworks/IOSurface.framework/Versions/A/IOSurface
0x0000000009691000 	/System/Library/Frameworks/AudioToolbox.framework/Versions/A/AudioToolbox
0x0000000009691000 	/System/Library/Frameworks/AudioUnit.framework/Versions/A/AudioUnit
0x0000000009691000 	/System/Library/PrivateFrameworks/DataDetectorsCore.framework/Versions/A/DataDetectorsCore
0x0000000009691000 	/System/Library/Frameworks/Carbon.framework/Versions/A/Frameworks/HIToolbox.framework/Versions/A/HIToolbox
0x0000000009691000 	/usr/lib/libicucore.A.dylib
0x0000000009691000 	/System/Library/Frameworks/QuartzCore.framework/Versions/A/QuartzCore
0x0000000009691000 	/System/Library/Frameworks/Carbon.framework/Versions/A/Frameworks/SpeechRecognition.framework/Versions/A/SpeechRecognition
0x0000000009691000 	/usr/lib/libauto.dylib
0x0000000009691000 	/usr/lib/libxml2.2.dylib
0x0000000009691000 	/System/Library/PrivateFrameworks/CoreUI.framework/Versions/A/CoreUI
0x0000000009691000 	/System/Library/Frameworks/CoreAudio.framework/Versions/A/CoreAudio
0x0000000009691000 	/System/Library/Frameworks/DiskArbitration.framework/Versions/A/DiskArbitration
0x0000000009691000 	/usr/lib/liblangid.dylib
0x0000000009691000 	/System/Library/PrivateFrameworks/MultitouchSupport.framework/Versions/A/MultitouchSupport
0x0000000009691000 	/System/Library/Frameworks/IOKit.framework/Versions/A/IOKit
0x0000000009691000 	/usr/lib/libDiagnosticMessagesClient.dylib
0x0000000009691000 	/System/Library/Frameworks/CoreServices.framework/Versions/A/CoreServices
0x0000000009691000 	/System/Library/PrivateFrameworks/PerformanceAnalysis.framework/Versions/A/PerformanceAnalysis
0x0000000009691000 	/System/Library/Frameworks/OpenGL.framework/Versions/A/OpenGL
0x0000000009691000 	/System/Library/Frameworks/ColorSync.framework/Versions/A/ColorSync
0x0000000009691000 	/System/Library/Frameworks/CoreImage.framework/Versions/A/CoreImage
0x0000000009691000 	/System/Library/Frameworks/CoreText.framework/Versions/A/CoreText
0x0000000009691000 	/System/Library/Frameworks/ImageIO.framework/Versions/A/ImageIO
0x0000000009691000 	/System/Library/PrivateFrameworks/Backup.framework/Versions/A/Backup
0x0000000009691000 	/usr/lib/libarchive.2.dylib
0x0000000009691000 	/System/Library/Frameworks/CFNetwork.framework/Versions/A/CFNetwork
0x0000000009691000 	/System/Library/Frameworks/SystemConfiguration.framework/Versions/A/SystemConfiguration
0x0000000009691000 	/usr/lib/libCRFSuite.dylib
0x0000000009691000 	/usr/lib/libc++.1.dylib
0x0000000009691000 	/usr/lib/libc++abi.dylib
0x0000000009691000 	/usr/lib/system/libcache.dylib
0x0000000009691000 	/usr/lib/system/libcommonCrypto.dylib
0x0000000009691000 	/usr/lib/system/libcompiler_rt.dylib
0x0000000009691000 	/usr/lib/system/libcopyfile.dylib
0x0000000009691000 	/usr/lib/system/libcorecrypto.dylib
0x0000000009691000 	/usr/lib/system/libdispatch.dylib
0x0000000009691000 	/usr/lib/system/libdyld.dylib
0x0000000009691000 	/usr/lib/system/libkeymgr.dylib
0x0000000009691000 	/usr/lib/system/liblaunch.dylib
0x0000000009691000 	/usr/lib/system/libmacho.dylib
0x0000000009691000 	/usr/lib/system/libquarantine.dylib
0x0000000009691000 	/usr/lib/system/libremovefile.dylib
0x0000000009691000 	/usr/lib/system/libsystem_asl.dylib
0x0000000009691000 	/usr/lib/system/libsystem_blocks.dylib
0x0000000009691000 	/usr/lib/system/libsystem_c.dylib
0x0000000009691000 	/usr/lib/system/libsystem_configuration.dylib
0x0000000009691000 	/usr/lib/system/libsystem_coreservices.dylib
0x0000000009691000 	/usr/lib/system/libsystem_darwin.dylib
0x0000000009691000 	/usr/lib/system/libsystem_dnssd.dylib
0x0000000009691000 	/usr/lib/system/libsystem_info.dylib
0x0000000009691000 	/usr/lib/system/libsystem_m.dylib
0x0000000009691000 	/usr/lib/system/libsystem_malloc.dylib
0x0000000009691000 	/usr/lib/system/libsystem_network.dylib
0x0000000009691000 	/usr/lib/system/libsystem_networkextension.dylib
0x0000000009691000 	/usr/lib/system/libsystem_notify.dylib
0x0000000009691000 	/usr/lib/system/libsystem_sandbox.dylib
0x0000000009691000 	/usr/lib/system/libsystem_secinit.dylib
0x0000000009691000 	/usr/lib/system/libsystem_kernel.dylib
0x0000000009691000 	/usr/lib/system/libsystem_platform.dylib
0x0000000009691000 	/usr/lib/system/libsystem_pthread.dylib
0x0000000009691000 	/usr/lib/system/libsystem_symptoms.dylib
0x0000000009691000 	/usr/lib/system/libsystem_trace.dylib
0x0000000009691000 	/usr/lib/system/libunwind.dylib
0x0000000009691000 	/usr/lib/system/libxpc.dylib
0x0000000009691000 	/usr/lib/closure/libclosured.dylib
0x0000000009691000 	/usr/lib/libbsm.0.dylib
0x0000000009691000 	/usr/lib/system/libkxld.dylib
0x0000000009691000 	/usr/lib/libOpenScriptingUtil.dylib
0x0000000009691000 	/usr/lib/libcoretls.dylib
0x0000000009691000 	/usr/lib/libcoretls_cfhelpers.dylib
0x0000000009691000 	/usr/lib/libpam.2.dylib
0x0000000009691000 	/usr/lib/libsqlite3.dylib
0x0000000009691000 	/usr/lib/libxar.1.dylib
0x0000000009691000 	/usr/lib/libbz2.1.0.dylib
0x0000000009691000 	/usr/lib/liblzma.5.dylib
0x0000000009691000 	/usr/lib/libnetwork.dylib
0x0000000009691000 	/usr/lib/libapple_nghttp2.dylib
0x0000000009691000 	/usr/lib/libpcap.A.dylib
0x0000000009691000 	/usr/lib/libboringssl.dylib
0x0000000009691000 	/usr/lib/libusrtcp.dylib
0x0000000009691000 	/usr/lib/libapple_crypto.dylib
0x0000000009691000 	/System/Library/Frameworks/CoreServices.framework/Versions/A/Frameworks/FSEvents.framework/Versions/A/FSEvents
0x0000000009691000 	/System/Library/Frameworks/CoreServices.framework/Versions/A/Frameworks/CarbonCore.framework/Versions/A/CarbonCore
0x0000000009691000 	/System/Library/Frameworks/CoreServices.framework/Versions/A/Frameworks/Metadata.framework/Versions/A/Metadata
0x0000000009691000 	/System/Library/Frameworks/CoreServices.framework/Versions/A/Frameworks/OSServices.framework/Versions/A/OSServices
0x0000000009691000 	/System/Library/Frameworks/CoreServices.framework/Versions/A/Frameworks/SearchKit.framework/Versions/A/SearchKit
0x0000000009691000 	/System/Library/Frameworks/CoreServices.framework/Versions/A/Frameworks/AE.framework/Versions/A/AE
0x0000000009691000 	/System/Library/Frameworks/CoreServices.framework/Versions/A/Frameworks/LaunchServices.framework/Versions/A/LaunchServices
0x0000000009691000 	/System/Library/Frameworks/CoreServices.framework/Versions/A/Frameworks/DictionaryServices.framework/Versions/A/DictionaryServices
0x0000000009691000 	/System/Library/Frameworks/CoreServices.framework/Versions/A/Frameworks/SharedFileList.framework/Versions/A/SharedFileList
0x0000000009691000 	/System/Library/Frameworks/NetFS.framework/Versions/A/NetFS
0x0000000009691000 	/System/Library/PrivateFrameworks/NetAuth.framework/Versions/A/NetAuth
0x0000000009691000 	/System/Library/PrivateFrameworks/login.framework/Versions/A/Frameworks/loginsupport.framework/Versions/A/loginsupport
0x0000000009691000 	/System/Library/PrivateFrameworks/TCC.framework/Versions/A/TCC
0x0000000009691000 	/usr/lib/libmecabra.dylib
0x0000000009691000 	/System/Library/Frameworks/ApplicationServices.framework/Versions/A/Frameworks/ATS.framework/Versions/A/ATS
0x0000000009691000 	/System/Library/Frameworks/ApplicationServices.framework/Versions/A/Frameworks/ColorSyncLegacy.framework/Versions/A/ColorSyncLegacy
0x0000000009691000 	/System/Library/Frameworks/ApplicationServices.framework/Versions/A/Frameworks/HIServices.framework/Versions/A/HIServices
0x0000000009691000 	/System/Library/Frameworks/ApplicationServices.framework/Versions/A/Frameworks/LangAnalysis.framework/Versions/A/LangAnalysis
0x0000000009691000 	/System/Library/Frameworks/ApplicationServices.framework/Versions/A/Frameworks/PrintCore.framework/Versions/A/PrintCore
0x0000000009691000 	/System/Library/Frameworks/ApplicationServices.framework/Versions/A/Frameworks/QD.framework/Versions/A/QD
0x0000000009691000 	/System/Library/Frameworks/ApplicationServices.framework/Versions/A/Frameworks/SpeechSynthesis.framework/Versions/A/SpeechSynthesis
0x0000000009691000 	/System/Library/Frameworks/CoreDisplay.framework/Versions/A/CoreDisplay
0x0000000009691000 	/System/Library/Frameworks/Accelerate.framework/Versions/A/Frameworks/vImage.framework/Versions/A/vImage
0x0000000009691000 	/System/Library/Frameworks/Accelerate.framework/Versions/A/Frameworks/vecLib.framework/Versions/A/vecLib
0x0000000009691000 	/System/Library/Frameworks/Accelerate.framework/Versions/A/Frameworks/vecLib.framework/Versions/A/libvDSP.dylib
0x0000000009691000 	/System/Library/Frameworks/Accelerate.framework/Versions/A/Frameworks/vecLib.framework/Versions/A/libBNNS.dylib
0x0000000009691000 	/System/Library/Frameworks/Accelerate.framework/Versions/A/Frameworks/vecLib.framework/Versions/A/libQuadrature.dylib
0x0000000009691000 	/System/Library/Frameworks/Accelerate.framework/Versions/A/Frameworks/vecLib.framework/Versions/A/libvMisc.dylib
0x0000000009691000 	/System/Library/Frameworks/Accelerate.framework/Versions/A/Frameworks/vecLib.framework/Versions/A/libLAPACK.dylib
0x0000000009691000 	/System/Library/Frameworks/Accelerate.framework/Versions/A/Frameworks/vecLib.framework/Versions/A/libBLAS.dylib
0x0000000009691000 	/System/Library/Frameworks/Accelerate.framework/Versions/A/Frameworks/vecLib.framework/Versions/A/libLinearAlgebra.dylib
0x0000000009691000 	/System/Library/Frameworks/Accelerate.framework/Versions/A/Frameworks/vecLib.framework/Versions/A/libSparse.dylib
0x0000000009691000 	/System/Library/Frameworks/Accelerate.framework/Versions/A/Frameworks/vecLib.framework/Versions/A/libSparseBLAS.dylib
0x0000000009691000 	/System/Library/PrivateFrameworks/IOAccelerator.framework/Versions/A/IOAccelerator
0x0000000009691000 	/System/Library/PrivateFrameworks/IOPresentment.framework/Versions/A/IOPresentment
0x0000000009691000 	/System/Library/PrivateFrameworks/DSExternalDisplay.framework/Versions/A/DSExternalDisplay
0x0000000009691000 	/System/Library/Frameworks/OpenGL.framework/Versions/A/Libraries/libCoreFSCache.dylib
0x0000000009691000 	/System/Library/Frameworks/CoreVideo.framework/Versions/A/CoreVideo
0x0000000009691000 	/System/Library/PrivateFrameworks/GraphVisualizer.framework/Versions/A/GraphVisualizer
0x0000000009691000 	/System/Library/Frameworks/MetalPerformanceShaders.framework/Versions/A/MetalPerformanceShaders
0x0000000009691000 	/usr/lib/libFosl_dynamic.dylib
0x0000000009691000 	/System/Library/PrivateFrameworks/FaceCore.framework/Versions/A/FaceCore
0x0000000009691000 	/System/Library/Frameworks/OpenCL.framework/Versions/A/OpenCL
0x0000000009691000 	/usr/lib/libcompression.dylib
0x0000000009691000 	/System/Library/Frameworks/ApplicationServices.framework/Versions/A/Frameworks/ATS.framework/Versions/A/Resources/libFontParser.dylib
0x0000000009691000 	/System/Library/Frameworks/ApplicationServices.framework/Versions/A/Frameworks/ATS.framework/Versions/A/Resources/libFontRegistry.dylib
0x0000000009691000 	/System/Library/Frameworks/ImageIO.framework/Versions/A/Resources/libJPEG.dylib
0x0000000009691000 	/System/Library/Frameworks/ImageIO.framework/Versions/A/Resources/libTIFF.dylib
0x0000000009691000 	/System/Library/Frameworks/ImageIO.framework/Versions/A/Resources/libPng.dylib
0x0000000009691000 	/System/Library/Frameworks/ImageIO.framework/Versions/A/Resources/libGIF.dylib
0x0000000009691000 	/System/Library/Frameworks/ImageIO.framework/Versions/A/Resources/libJP2.dylib
0x0000000009691000 	/System/Library/Frameworks/ImageIO.framework/Versions/A/Resources/libRadiance.dylib
0x0000000009691000 	/System/Library/PrivateFrameworks/AppleJPEG.framework/Versions/A/AppleJPEG
0x0000000009691000 	/System/Library/PrivateFrameworks/MetalTools.framework/Versions/A/MetalTools
0x0000000009691000 	/System/Library/Frameworks/MetalPerformanceShaders.framework/Frameworks/MPSCore.framework/Versions/A/MPSCore
0x0000000009691000 	/System/Library/Frameworks/MetalPerformanceShaders.framework/Frameworks/MPSImage.framework/Versions/A/MPSImage
0x0000000009691000 	/System/Library/Frameworks/MetalPerformanceShaders.framework/Frameworks/MPSMatrix.framework/Versions/A/MPSMatrix
0x0000000009691000 	/System/Library/Frameworks/MetalPerformanceShaders.framework/Frameworks/MPSNeuralNetwork.framework/Versions/A/MPSNeuralNetwork
0x0000000009691000 	/System/Library/Frameworks/OpenGL.framework/Versions/A/Libraries/libGLU.dylib
0x0000000009691000 	/System/Library/Frameworks/OpenGL.framework/Versions/A/Libraries/libGFXShared.dylib
0x0000000009691000 	/System/Library/Frameworks/OpenGL.framework/Versions/A/Libraries/libGL.dylib
0x0000000009691000 	/System/Library/Frameworks/OpenGL.framework/Versions/A/Libraries/libGLImage.dylib
0x0000000009691000 	/System/Library/Frameworks/OpenGL.framework/Versions/A/Libraries/libCVMSPluginSupport.dylib
0x0000000009691000 	/System/Library/Frameworks/OpenGL.framework/Versions/A/Libraries/libCoreVMClient.dylib
0x0000000009691000 	/usr/lib/libcups.2.dylib
0x0000000009691000 	/System/Library/Frameworks/Kerberos.framework/Versions/A/Kerberos
0x0000000009691000 	/System/Library/Frameworks/GSS.framework/Versions/A/GSS
0x0000000009691000 	/usr/lib/libresolv.9.dylib
0x0000000009691000 	/usr/lib/libiconv.2.dylib
0x0000000009691000 	/System/Library/PrivateFrameworks/Heimdal.framework/Versions/A/Heimdal
0x0000000009691000 	/usr/lib/libheimdal-asn1.dylib
0x0000000009691000 	/System/Library/Frameworks/OpenDirectory.framework/Versions/A/OpenDirectory
0x0000000009691000 	/System/Library/PrivateFrameworks/CommonAuth.framework/Versions/A/CommonAuth
0x0000000009691000 	/System/Library/Frameworks/OpenDirectory.framework/Versions/A/Frameworks/CFOpenDirectory.framework/Versions/A/CFOpenDirectory
0x0000000009691000 	/System/Library/Frameworks/SecurityFoundation.framework/Versions/A/SecurityFoundation
0x0000000009691000 	/System/Library/PrivateFrameworks/APFS.framework/Versions/A/APFS
0x0000000009691000 	/usr/lib/libutil.dylib
0x0000000009691000 	/System/Library/PrivateFrameworks/AppleSauce.framework/Versions/A/AppleSauce
0x0000000009691000 	/System/Library/PrivateFrameworks/LinguisticData.framework/Versions/A/LinguisticData
0x0000000009691000 	/usr/lib/libmarisa.dylib
0x0000000009691000 	/System/Library/PrivateFrameworks/Lexicon.framework/Versions/A/Lexicon
0x0000000009691000 	/usr/lib/libChineseTokenizer.dylib
0x0000000009691000 	/usr/lib/libcmph.dylib
0x0000000009691000 	/System/Library/PrivateFrameworks/LanguageModeling.framework/Versions/A/LanguageModeling
0x0000000009691000 	/System/Library/PrivateFrameworks/CoreEmoji.framework/Versions/A/CoreEmoji
0x0000000009691000 	/System/Library/Frameworks/ServiceManagement.framework/Versions/A/ServiceManagement
0x0000000009691000 	/System/Library/PrivateFrameworks/BackgroundTaskManagement.framework/Versions/A/BackgroundTaskManagement
0x0000000009691000 	/usr/lib/libxslt.1.dylib
0x0000000009691000 	/System/Library/Frameworks/Carbon.framework/Versions/A/Frameworks/Ink.framework/Versions/A/Ink
0x0000000009691000 	/System/Library/PrivateFrameworks/TextureIO.framework/Versions/A/TextureIO
0x0000000009691000 	/usr/lib/libate.dylib
0x0000000009691000 	/System/Library/PrivateFrameworks/CrashReporterSupport.framework/Versions/A/CrashReporterSupport
0x0000000009691000 	/System/Library/PrivateFrameworks/Sharing.framework/Versions/A/Sharing
0x0000000009691000 	/System/Library/PrivateFrameworks/IconServices.framework/Versions/A/IconServices
0x0000000009691000 	/System/Library/PrivateFrameworks/ProtocolBuffer.framework/Versions/A/ProtocolBuffer
0x0000000009691000 	/System/Library/PrivateFrameworks/Apple80211.framework/Versions/A/Apple80211
0x0000000009691000 	/System/Library/Frameworks/CoreWLAN.framework/Versions/A/CoreWLAN
0x0000000009691000 	/System/Library/PrivateFrameworks/CoreUtils.framework/Versions/A/CoreUtils
0x0000000009691000 	/System/Library/Frameworks/IOBluetooth.framework/Versions/A/IOBluetooth
0x0000000009691000 	/System/Library/PrivateFrameworks/CoreWiFi.framework/Versions/A/CoreWiFi
0x0000000009691000 	/System/Library/Frameworks/CoreBluetooth.framework/Versions/A/CoreBluetooth
0x0000000009691000 	/System/Library/PrivateFrameworks/SignpostNotification.framework/Versions/A/SignpostNotification
0x0000000009691000 	/System/Library/PrivateFrameworks/DebugSymbols.framework/Versions/A/DebugSymbols
0x0000000009691000 	/System/Library/PrivateFrameworks/CoreSymbolication.framework/Versions/A/CoreSymbolication
0x0000000009691000 	/System/Library/PrivateFrameworks/Symbolication.framework/Versions/A/Symbolication
0x0000000009691000 	/System/Library/PrivateFrameworks/AppleFSCompression.framework/Versions/A/AppleFSCompression
0x0000000009691000 	/System/Library/PrivateFrameworks/SpeechRecognitionCore.framework/Versions/A/SpeechRecognitionCore
0x00000001006b5000 	/Library/Java/JavaVirtualMachines/jdk1.8.0_152.jdk/Contents/Home/jre/lib/server/libjvm.dylib
0x0000000009691000 	/usr/lib/libstdc++.6.0.9.dylib
0x0000000101661000 	/Library/Java/JavaVirtualMachines/jdk1.8.0_152.jdk/Contents/Home/jre/lib/libverify.dylib
0x000000010166f000 	/Library/Java/JavaVirtualMachines/jdk1.8.0_152.jdk/Contents/Home/jre/lib/libjava.dylib
0x00000001016ef000 	/Library/Java/JavaVirtualMachines/jdk1.8.0_152.jdk/Contents/Home/jre/lib/libzip.dylib
0x0000000119382000 	/Library/Java/JavaVirtualMachines/jdk1.8.0_152.jdk/Contents/Home/jre/lib/libprism_es2.dylib
0x0000000009691000 	/System/Library/PrivateFrameworks/CoreServicesInternal.framework/Versions/A/CoreServicesInternal
0x0000000009691000 	/System/Library/Frameworks/OpenGL.framework/Versions/A/Resources/GLEngine.bundle/GLEngine
0x0000000009691000 	/System/Library/Frameworks/OpenGL.framework/Versions/A/Libraries/libGLProgrammability.dylib
0x0000000119428000 	/System/Library/Extensions/AppleIntelSKLGraphicsGLDriver.bundle/Contents/MacOS/AppleIntelSKLGraphicsGLDriver
0x0000000009691000 	/System/Library/PrivateFrameworks/GPUSupport.framework/Versions/A/Libraries/libGPUSupportMercury.dylib
0x0000000009691000 	/System/Library/Frameworks/OpenGL.framework/Versions/A/Resources/GLRendererFloat.bundle/GLRendererFloat
0x0000000009691000 	/System/Library/Frameworks/OpenCL.framework/Versions/A/Libraries/libcldcpuengine.dylib
0x0000000009691000 	/usr/lib/libcrypto.35.dylib
0x0000000009691000 	/System/Library/PrivateFrameworks/TrustEvaluationAgent.framework/Versions/A/TrustEvaluationAgent
0x000000011a843000 	/Library/Java/JavaVirtualMachines/jdk1.8.0_152.jdk/Contents/Home/jre/lib/libglass.dylib
0x0000000009691000 	/System/Library/CoreServices/RawCamera.bundle/Contents/MacOS/RawCamera
0x0000000009691000 	/System/Library/PrivateFrameworks/MobileAsset.framework/Versions/A/MobileAsset
0x0000000009691000 	/System/Library/PrivateFrameworks/StreamingZip.framework/Versions/A/StreamingZip
0x0000000009691000 	/System/Library/Frameworks/MediaToolbox.framework/Versions/A/MediaToolbox
0x0000000009691000 	/System/Library/PrivateFrameworks/CoreAVCHD.framework/Versions/A/CoreAVCHD
0x0000000009691000 	/System/Library/Frameworks/MediaAccessibility.framework/Versions/A/MediaAccessibility
0x0000000009691000 	/System/Library/PrivateFrameworks/Mangrove.framework/Versions/A/Mangrove
0x0000000009691000 	/System/Library/Frameworks/CoreMedia.framework/Versions/A/CoreMedia
0x0000000009691000 	/System/Library/Frameworks/VideoToolbox.framework/Versions/A/VideoToolbox
0x0000000009691000 	/System/Library/PrivateFrameworks/CoreAUC.framework/Versions/A/CoreAUC
0x0000000009691000 	/usr/lib/libspindump.dylib
0x0000000009691000 	/usr/lib/libdscsym.dylib
0x0000000009691000 	/System/Library/PrivateFrameworks/AppleVA.framework/Versions/A/AppleVA
0x0000000009691000 	/System/Library/Frameworks/Accelerate.framework/Versions/A/Frameworks/vImage.framework/Versions/A/Libraries/libCGInterfaces.dylib
0x0000000009691000 	/System/Library/PrivateFrameworks/FamilyControls.framework/Versions/A/FamilyControls
0x0000000009691000 	/System/Library/PrivateFrameworks/CommerceKit.framework/Versions/A/Frameworks/CommerceCore.framework/Versions/A/CommerceCore
0x0000000009691000 	/System/Library/PrivateFrameworks/SystemAdministration.framework/Versions/A/SystemAdministration
0x0000000009691000 	/System/Library/PrivateFrameworks/AppContainer.framework/Versions/A/AppContainer
0x0000000009691000 	/System/Library/PrivateFrameworks/SecCodeWrapper.framework/Versions/A/SecCodeWrapper
0x0000000009691000 	/System/Library/PrivateFrameworks/DiskManagement.framework/Versions/A/DiskManagement
0x0000000009691000 	/System/Library/Frameworks/DirectoryService.framework/Versions/A/DirectoryService
0x0000000009691000 	/System/Library/PrivateFrameworks/DiskImages.framework/Versions/A/DiskImages
0x0000000009691000 	/System/Library/PrivateFrameworks/LoginUIKit.framework/Versions/A/Frameworks/LoginUICore.framework/Versions/A/LoginUICore
0x0000000009691000 	/usr/lib/libCoreStorage.dylib
0x0000000009691000 	/usr/lib/libcsfde.dylib
0x0000000009691000 	/usr/lib/libodfde.dylib
0x0000000009691000 	/System/Library/PrivateFrameworks/MediaKit.framework/Versions/A/MediaKit
0x0000000009691000 	/System/Library/Frameworks/DiscRecording.framework/Versions/A/DiscRecording
0x0000000009691000 	/System/Library/PrivateFrameworks/EFILogin.framework/Versions/A/EFILogin
0x0000000009691000 	/System/Library/PrivateFrameworks/ProtectedCloudStorage.framework/Versions/A/ProtectedCloudStorage
0x0000000009691000 	/usr/lib/libcurl.4.dylib
0x0000000009691000 	/usr/lib/libssl.35.dylib
0x0000000009691000 	/System/Library/Frameworks/LDAP.framework/Versions/A/LDAP
0x0000000009691000 	/usr/lib/libsasl2.2.dylib
0x0000000009691000 	/System/Library/PrivateFrameworks/CoreDaemon.framework/Versions/B/CoreDaemon
0x0000000009691000 	/System/Library/PrivateFrameworks/AppleSRP.framework/Versions/A/AppleSRP
0x000000011c6ca000 	/Library/Java/JavaVirtualMachines/jdk1.8.0_152.jdk/Contents/Home/jre/lib/libawt.dylib
0x000000011c774000 	/Library/Java/JavaVirtualMachines/jdk1.8.0_152.jdk/Contents/Home/jre/lib/./libmlib_image.dylib
0x0000000009691000 	/System/Library/Frameworks/JavaVM.framework/Versions/A/Frameworks/JavaNativeFoundation.framework/Versions/A/JavaNativeFoundation
0x0000000009691000 	/System/Library/Frameworks/JavaVM.framework/Versions/A/Frameworks/JavaRuntimeSupport.framework/Versions/A/JavaRuntimeSupport
0x0000000009691000 	/System/Library/Frameworks/JavaVM.framework/Versions/A/JavaVM
0x0000000009691000 	/System/Library/PrivateFrameworks/JavaLaunching.framework/Versions/A/JavaLaunching
0x0000000009691000 	/System/Library/Frameworks/Carbon.framework/Versions/A/Carbon
0x0000000009691000 	/System/Library/Frameworks/Carbon.framework/Versions/A/Frameworks/CommonPanels.framework/Versions/A/CommonPanels
0x0000000009691000 	/System/Library/Frameworks/Carbon.framework/Versions/A/Frameworks/Help.framework/Versions/A/Help
0x0000000009691000 	/System/Library/Frameworks/Carbon.framework/Versions/A/Frameworks/ImageCapture.framework/Versions/A/ImageCapture
0x0000000009691000 	/System/Library/Frameworks/Carbon.framework/Versions/A/Frameworks/OpenScripting.framework/Versions/A/OpenScripting
0x0000000009691000 	/System/Library/Frameworks/Carbon.framework/Versions/A/Frameworks/Print.framework/Versions/A/Print
0x0000000009691000 	/System/Library/Frameworks/Carbon.framework/Versions/A/Frameworks/SecurityHI.framework/Versions/A/SecurityHI
0x000000011c840000 	/Library/Java/JavaVirtualMachines/jdk1.8.0_152.jdk/Contents/Home/jre/lib/libawt_lwawt.dylib
0x000000011c8fa000 	/Library/Java/JavaVirtualMachines/jdk1.8.0_152.jdk/Contents/Home/jre/lib/./libosxapp.dylib
0x0000000009691000 	/System/Library/Frameworks/ExceptionHandling.framework/Versions/A/ExceptionHandling
0x000000011d218000 	/Library/Java/JavaVirtualMachines/jdk1.8.0_152.jdk/Contents/Home/jre/lib/libfontmanager.dylib
0x000000011d27f000 	/Library/Java/JavaVirtualMachines/jdk1.8.0_152.jdk/Contents/Home/jre/lib/libosxui.dylib
0x0000000009691000 	/System/Library/Frameworks/ApplicationServices.framework/Versions/A/Frameworks/ATS.framework/Versions/A/Resources/libTrueTypeScaler.dylib
0x0000000009691000 	/System/Library/Extensions/AppleIntelSKLGraphicsMTLDriver.bundle/Contents/MacOS/AppleIntelSKLGraphicsMTLDriver
0x0000000009691000 	/System/Library/PrivateFrameworks/GPUCompiler.framework/Versions/3802/Libraries/libmetal_timestamp.dylib
0x000000011fff2000 	/Library/Java/JavaVirtualMachines/jdk1.8.0_152.jdk/Contents/Home/jre/lib/libnio.dylib
0x0000000120082000 	/Library/Java/JavaVirtualMachines/jdk1.8.0_152.jdk/Contents/Home/jre/lib/./libnet.dylib
0x0000000009691000 	/System/Library/PrivateFrameworks/ViewBridge.framework/Versions/A/ViewBridge
0x0000000009691000 	/System/Library/PrivateFrameworks/login.framework/Versions/A/login
0x0000000122170000 	/Library/Java/JavaVirtualMachines/jdk1.8.0_152.jdk/Contents/Home/jre/lib/libjsound.dylib
0x0000000009691000 	/System/Library/Frameworks/CoreMIDI.framework/Versions/A/CoreMIDI
0x0000000009691000 	/usr/lib/libexpat.1.dylib
0x000000011b7a2000 	/System/Library/Extensions/AppleHDA.kext/Contents/PlugIns/AppleHDAHALPlugIn.bundle/Contents/MacOS/AppleHDAHALPlugIn
0x0000000122183000 	/System/Library/Components/CoreAudio.component/Contents/MacOS/CoreAudio
0x000000012285b000 	/Library/Java/JavaVirtualMachines/jdk1.8.0_152.jdk/Contents/Home/jre/lib/libjavafx_iio.dylib
0x0000000122a99000 	/Library/Java/JavaVirtualMachines/jdk1.8.0_152.jdk/Contents/Home/jre/lib/libjavafx_font.dylib
0x0000000127292000 	/Library/Java/JavaVirtualMachines/jdk1.8.0_152.jdk/Contents/Home/jre/lib/libprism_common.dylib

VM Arguments:
jvm_args: -Dfile.encoding=UTF-8 
java_command: com.neet.DiamondHunter.Main.Game
java_class_path (initial): /Library/Java/JavaVirtualMachines/jdk1.8.0_152.jdk/Contents/Home/jre/lib/resources.jar:/Library/Java/JavaVirtualMachines/jdk1.8.0_152.jdk/Contents/Home/jre/lib/rt.jar:/Library/Java/JavaVirtualMachines/jdk1.8.0_152.jdk/Contents/Home/jre/lib/jsse.jar:/Library/Java/JavaVirtualMachines/jdk1.8.0_152.jdk/Contents/Home/jre/lib/jce.jar:/Library/Java/JavaVirtualMachines/jdk1.8.0_152.jdk/Contents/Home/jre/lib/charsets.jar:/Library/Java/JavaVirtualMachines/jdk1.8.0_152.jdk/Contents/Home/jre/lib/jfr.jar:/Library/Java/JavaVirtualMachines/jdk1.8.0_152.jdk/Contents/Home/jre/lib/ext/sunec.jar:/Library/Java/JavaVirtualMachines/jdk1.8.0_152.jdk/Contents/Home/jre/lib/ext/nashorn.jar:/Library/Java/JavaVirtualMachines/jdk1.8.0_152.jdk/Contents/Home/jre/lib/ext/cldrdata.jar:/Library/Java/JavaVirtualMachines/jdk1.8.0_152.jdk/Contents/Home/jre/lib/ext/jfxrt.jar:/Library/Java/JavaVirtualMachines/jdk1.8.0_152.jdk/Contents/Home/jre/lib/ext/dnsns.jar:/Library/Java/JavaVirtualMachines/jdk1.8.0_152.jdk/Contents/Home/jre/lib/ext/localedata.jar:/Library/Java/JavaVirtualMachines/jdk1.8.0_152.jdk/Contents/Home/jre/lib/ext/sunjce_provider.jar:/Library/Java/JavaVirtualMachines/jdk1.8.0_152.jdk/Contents/Home/jre/lib/ext/sunpkcs11.jar:/Library/Java/JavaVirtualMachines/jdk1.8.0_152.jdk/Contents/Home/jre/lib/ext/jaccess.jar:/Library/Java/JavaVirtualMachines/jdk1.8.0_152.jdk/Contents/Home/jre/lib/ext/zipfs.jar:/System/Library/Java/Extensions/MRJToolkit.jar:/Users/priyanka_cj/Documents/GitHub/SWMCW2/DiamondHunter/bin:/Users/priyanka_cj/Documents/GitHub/SWMCW2/DiamondHunter/Libs/jl1.0.1.jar:/Users/priyanka_cj/Documents/GitHub/SWMCW2/DiamondHunter/Libs/mp3spi1.9.5.jar:/Users/priyanka_cj/Documents/GitHub/SWMCW2/DiamondHunter/Libs/tritonus_share.jar:/Users/priyanka_cj/.p2/pool/plugins/org.eclipse.fx.ide.css.jfx8_3.0.0.201705220750.jar
Launcher Type: SUN_STANDARD

Environment Variables:
PATH=/usr/bin:/bin:/usr/sbin:/sbin
SHELL=/bin/bash

Signal Handlers:
SIGSEGV: [libjvm.dylib+0x5b494d], sa_mask[0]=11111111011111110111111111111111, sa_flags=SA_ONSTACK|SA_RESTART|SA_SIGINFO
SIGBUS: [libjvm.dylib+0x5b494d], sa_mask[0]=11111111011111110111111111111111, sa_flags=SA_RESTART|SA_SIGINFO
SIGFPE: [libjvm.dylib+0x48ab54], sa_mask[0]=11111111011111110111111111111111, sa_flags=SA_RESTART|SA_SIGINFO
SIGPIPE: [libjvm.dylib+0x48ab54], sa_mask[0]=11111111011111110111111111111111, sa_flags=SA_RESTART|SA_SIGINFO
SIGXFSZ: [libjvm.dylib+0x48ab54], sa_mask[0]=11111111011111110111111111111111, sa_flags=SA_RESTART|SA_SIGINFO
SIGILL: [libjvm.dylib+0x48ab54], sa_mask[0]=11111111011111110111111111111111, sa_flags=SA_RESTART|SA_SIGINFO
SIGUSR1: SIG_DFL, sa_mask[0]=00000000000000000000000000000000, sa_flags=none
SIGUSR2: [libjvm.dylib+0x48a672], sa_mask[0]=00100000000000000000000000000000, sa_flags=SA_RESTART|SA_SIGINFO
SIGHUP: [libjvm.dylib+0x488c49], sa_mask[0]=11111111011111110111111111111111, sa_flags=SA_RESTART|SA_SIGINFO
SIGINT: [libjvm.dylib+0x488c49], sa_mask[0]=11111111011111110111111111111111, sa_flags=SA_RESTART|SA_SIGINFO
SIGTERM: [libjvm.dylib+0x488c49], sa_mask[0]=11111111011111110111111111111111, sa_flags=SA_RESTART|SA_SIGINFO
SIGQUIT: [libjvm.dylib+0x488c49], sa_mask[0]=11111111011111110111111111111111, sa_flags=SA_RESTART|SA_SIGINFO


---------------  S Y S T E M  ---------------

OS:Bsduname:Darwin 17.2.0 Darwin Kernel Version 17.2.0: Fri Sep 29 18:27:05 PDT 2017; root:xnu-4570.20.62~3/RELEASE_X86_64 x86_64
rlimit: STACK 8192k, CORE 0k, NPROC 709, NOFILE 10240, AS infinity
load average:2.89 2.50 2.15

CPU:total 4 (initial active 4) (2 cores per cpu, 2 threads per core) family 6 model 78 stepping 3, cmov, cx8, fxsr, mmx, sse, sse2, sse3, ssse3, sse4.1, sse4.2, popcnt, avx, avx2, aes, clmul, erms, rtm, 3dnowpref, lzcnt, ht, tsc, tscinvbit, bmi1, bmi2, adx

Memory: 4k page, physical 8388608k(26560k free)

/proc/meminfo:


vm_info: Java HotSpot(TM) 64-Bit Server VM (25.152-b16) for bsd-amd64 JRE (1.8.0_152-b16), built on Sep 14 2017 02:31:13 by "java_re" with gcc 4.2.1 (Based on Apple Inc. build 5658) (LLVM build 2336.11.00)

time: Tue Dec 19 19:09:32 2017
elapsed time: 32 seconds (0d 0h 0m 32s)

